[2015.07.11-13.25.15:216][  0]Log file open, 07/11/15 15:25:15
[2015.07.11-13.25.15:216][  0]LogInit:Display: Running engine for game: MiniJamJuly2015
[2015.07.11-13.25.15:216][  0]LogInit:Display: RandInit(1409048592) SRandInit(1409048592).
[2015.07.11-13.25.15:216][  0]LogTaskGraph: Started task graph with 4 named threads and 5 total threads.
[2015.07.11-13.25.15:216][  0]LogStats: Stats thread started
[2015.07.11-13.25.15:216][  0]LogInit: Version: 4.8.1-2591939+++depot+UE4-Releases+4.8
[2015.07.11-13.25.15:216][  0]LogInit: API Version: 2579680
[2015.07.11-13.25.15:217][  0]LogInit: Compiled (64-bit): Jun 18 2015 11:02:04
[2015.07.11-13.25.15:217][  0]LogInit: Compiled with Visual C++: 18.00.21005.01
[2015.07.11-13.25.15:217][  0]LogInit: Build Configuration: Development
[2015.07.11-13.25.15:217][  0]LogInit: Branch Name: ++depot+UE4-Releases+4.8
[2015.07.11-13.25.15:217][  0]LogInit: Command line:  
[2015.07.11-13.25.15:217][  0]LogInit: Base directory: C:/Program Files/Epic Games/4.8/Engine/Binaries/Win64/
[2015.07.11-13.25.15:217][  0]LogInit: Rocket: 1
[2015.07.11-13.25.15:262][  0]LogInit: Using libcurl 7.41.0
[2015.07.11-13.25.15:262][  0]LogInit:  - built for x86_64-pc-win32
[2015.07.11-13.25.15:262][  0]LogInit:  - supports SSL with WinSSL
[2015.07.11-13.25.15:262][  0]LogInit:  - other features:
[2015.07.11-13.25.15:262][  0]LogInit:      CURL_VERSION_SSL
[2015.07.11-13.25.15:262][  0]LogInit:      CURL_VERSION_IPV6
[2015.07.11-13.25.15:262][  0]LogInit:      CURL_VERSION_ASYNCHDNS
[2015.07.11-13.25.15:262][  0]LogInit:      CURL_VERSION_LARGEFILE
[2015.07.11-13.25.15:262][  0]LogInit:      CURL_VERSION_IDN
[2015.07.11-13.25.15:262][  0]LogInit:  CurlRequestOptions (configurable via config and command line):
[2015.07.11-13.25.15:262][  0]LogInit:  - bVerifyPeer = true  - Libcurl will verify peer certificate
[2015.07.11-13.25.15:262][  0]LogInit:  - bUseHttpProxy = false  - Libcurl will NOT use HTTP proxy
[2015.07.11-13.25.15:262][  0]LogInit:  - bDontReuseConnections = false  - Libcurl will reuse connections
[2015.07.11-13.25.15:262][  0]LogInit:  - CertBundlePath = nullptr  - Libcurl will use whatever was configured at build time.
[2015.07.11-13.25.15:302][  0]LogOnline:Warning: No default platform service specified for OnlineSubsystem
[2015.07.11-13.25.15:419][  0]LogInit: Presizing for 0 objects not considered by GC, pre-allocating 0 bytes.
[2015.07.11-13.25.15:443][  0]LogInit: Object subsystem initialized
[2015.07.11-13.25.15:445][  0]LogConsoleResponse:Warning: Skipping Unknown console variable: 'TranslucentSortAxis = (X=0.000000,Y=-1.000000,Z=0.000000)'
[2015.07.11-13.25.15:445][  0]LogConsoleResponse:Warning:   Found in ini file 'C:/Users/Rezan/Documents/GitHub/BerlinMiniJamJuly2015/MiniJamJuly2015/Saved/Config/Windows/Engine.ini', in section '[/Script/Engine.RendererSettings]'
[2015.07.11-13.25.15:445][  0]LogConsoleResponse:Warning: Skipping Unknown console variable: 'UIScaleRule = ShortestSide'
[2015.07.11-13.25.15:445][  0]LogConsoleResponse:Warning:   Found in ini file 'C:/Users/Rezan/Documents/GitHub/BerlinMiniJamJuly2015/MiniJamJuly2015/Saved/Config/Windows/Engine.ini', in section '[/Script/Engine.RendererSettings]'
[2015.07.11-13.25.15:445][  0]LogConsoleResponse:Warning: Skipping Unknown console variable: 'UIScaleCurve = (EditorCurveData=(Keys=),ExternalCurve=None)'
[2015.07.11-13.25.15:445][  0]LogConsoleResponse:Warning:   Found in ini file 'C:/Users/Rezan/Documents/GitHub/BerlinMiniJamJuly2015/MiniJamJuly2015/Saved/Config/Windows/Engine.ini', in section '[/Script/Engine.RendererSettings]'
[2015.07.11-13.25.15:446][  0]LogInit: Selected Device Profile: [Windows]
[2015.07.11-13.25.15:446][  0]LogInit: Applying CVar settings loaded from the selected device profile: [Windows]
[2015.07.11-13.25.15:473][  0]LogInit: Computer: ATIVBOOK
[2015.07.11-13.25.15:473][  0]LogInit: User: Rezan
[2015.07.11-13.25.15:473][  0]LogInit: CPU Page size=4096, Cores=2
[2015.07.11-13.25.15:473][  0]LogInit: High frequency timer resolution =2.240906 MHz
[2015.07.11-13.25.15:473][  0]LogMemory: Memory total: Physical=3.9GB (4GB approx)
[2015.07.11-13.25.15:473][  0]LogMemory: Platform Memory Stats for Windows
[2015.07.11-13.25.15:473][  0]LogMemory: Process Physical Memory: 47.90 MB used, 47.90 MB peak
[2015.07.11-13.25.15:473][  0]LogMemory: Process Virtual Memory: 22.18 MB used, 22.18 MB peak
[2015.07.11-13.25.15:473][  0]LogMemory: Physical Memory: 1813.47 MB used, 4010.80 MB total
[2015.07.11-13.25.15:473][  0]LogMemory: Virtual Memory: 289.53 MB used, 134217728.00 MB total
[2015.07.11-13.25.15:816][  0]LogTextLocalizationManager: The requested culture ('en_US') has no localization data; parent culture's ('en') localization data will be used.
[2015.07.11-13.25.16:123][  0]LogTextLocalizationManager:Warning: Loaded localization resources contain conflicting entries for (Namespace:ContentBrowser, Key:ImportAssetToolTip):
Localization Resource: (C:/Program Files/Epic Games/4.8/Engine/Content/Localization/Editor/en/Editor.locres) Source String Hash: (-630476809) Localized String: (Import to {0}...)
Localization Resource: (C:/Program Files/Epic Games/4.8/Engine/Content/Localization/Editor/en/Editor.locres) Source String Hash: (1271782899) Localized String: (Imports an asset from file to this folder.)
[2015.07.11-13.25.17:393][  0]LogD3D11RHI: Found D3D11 adapter 0: Intel(R) HD Graphics Family (Feature Level 11_0)
[2015.07.11-13.25.17:393][  0]LogD3D11RHI: Adapter has 0MB of dedicated video memory, 0MB of dedicated system memory, and 1792MB of shared system memory, 1 output[s]
[2015.07.11-13.25.17:400][  0]LogD3D11RHI: Found D3D11 adapter 1: Microsoft Basic Render Driver (Feature Level 11_0)
[2015.07.11-13.25.17:400][  0]LogD3D11RHI: Adapter has 0MB of dedicated video memory, 0MB of dedicated system memory, and 256MB of shared system memory, 0 output[s]
[2015.07.11-13.25.17:400][  0]LogD3D11RHI: Chosen D3D11 Adapter Id = 0
[2015.07.11-13.25.17:405][  0]LogRHI: Texture pool is 627 MB (70% of 896 MB)
[2015.07.11-13.25.17:415][  0]LogD3D11RHI: Async texture creation enabled
[2015.07.11-13.25.17:423][  0]LogShaderCompilers:Display: Using Local Shader Compiler.
[2015.07.11-13.25.21:036][  0]LogTemp:Display: Loaded TP DesktopTargetPlatform
[2015.07.11-13.25.21:098][  0]LogTemp:Display: Loaded TP WindowsClientTargetPlatform
[2015.07.11-13.25.21:145][  0]LogTemp:Display: Loaded TP WindowsNoEditorTargetPlatform
[2015.07.11-13.25.21:197][  0]LogTemp:Display: Loaded TP WindowsServerTargetPlatform
[2015.07.11-13.25.21:264][  0]LogTemp:Display: Loaded TP WindowsTargetPlatform
[2015.07.11-13.25.21:314][  0]LogTemp:Display: Loaded TP AndroidTargetPlatform
[2015.07.11-13.25.21:357][  0]LogTemp:Display: Loaded TP Android_ASTCTargetPlatform
[2015.07.11-13.25.21:407][  0]LogTemp:Display: Loaded TP Android_ATCTargetPlatform
[2015.07.11-13.25.21:473][  0]LogTemp:Display: Loaded TP Android_DXTTargetPlatform
[2015.07.11-13.25.21:524][  0]LogTemp:Display: Loaded TP Android_ETC1TargetPlatform
[2015.07.11-13.25.21:576][  0]LogTemp:Display: Loaded TP Android_ETC2TargetPlatform
[2015.07.11-13.25.21:646][  0]LogTemp:Display: Loaded TP Android_PVRTCTargetPlatform
[2015.07.11-13.25.21:823][  0]LogTemp:Display: Loaded TP IOSTargetPlatform
[2015.07.11-13.25.21:888][  0]LogTemp:Display: Loaded TP LinuxNoEditorTargetPlatform
[2015.07.11-13.25.21:981][  0]LogTemp:Display: Loaded TP LinuxServerTargetPlatform
[2015.07.11-13.25.22:053][  0]LogTemp:Display: Loaded TP LinuxTargetPlatform
[2015.07.11-13.25.22:053][  0]LogTargetPlatformManager:Display: Building Assets For Windows
[2015.07.11-13.25.22:946][  0]LogDerivedDataCache:Display: Max Cache Size: 512 MB
[2015.07.11-13.25.23:183][  0]LogDerivedDataCache: Loaded boot cache 0.24s 61MB C:/Users/Rezan/AppData/Local/UnrealEngine/4.8/DerivedDataCache/Boot.ddc.
[2015.07.11-13.25.23:183][  0]LogDerivedDataCache:Display: Loaded Boot cache: C:/Users/Rezan/AppData/Local/UnrealEngine/4.8/DerivedDataCache/Boot.ddc
[2015.07.11-13.25.23:183][  0]LogDerivedDataCache: FDerivedDataBackendGraph:  Pak pak cache file ../../../../../../Users/Rezan/Documents/GitHub/BerlinMiniJamJuly2015/MiniJamJuly2015/DerivedDataCache/DDC.ddp not found, will not use a pak cache.
[2015.07.11-13.25.23:183][  0]LogDerivedDataCache: Unable to find inner node Pak for hierarchical cache Hierarchy.
[2015.07.11-13.25.23:184][  0]LogDerivedDataCache: FDerivedDataBackendGraph:  CompressedPak pak cache file ../../../../../../Users/Rezan/Documents/GitHub/BerlinMiniJamJuly2015/MiniJamJuly2015/DerivedDataCache/Compressed.ddp not found, will not use a pak cache.
[2015.07.11-13.25.23:184][  0]LogDerivedDataCache: Unable to find inner node CompressedPak for hierarchical cache Hierarchy.
[2015.07.11-13.25.23:441][  0]LogDerivedDataCache:Display: Pak cache opened for reading ../../../Engine/DerivedDataCache/Compressed.ddp.
[2015.07.11-13.25.23:455][  0]LogDerivedDataCache: Using Local data cache path C:/Users/Rezan/AppData/Local/UnrealEngine/Common/DerivedDataCache: Writable
[2015.07.11-13.25.24:045][  0]LogInit: Selected Device Profile: [Windows]
[2015.07.11-13.25.24:173][  0]ImportText (ComponentSweepMultiTests): Missing closing parenthesis: (RootShapeAsset="/Engine/BasicShapes/Cube.Cube",ShapeType="TriggerCapsule",HitResult=(Time=0.50,Location=(X=-100.000015,Y=0.0,Z=100.000015),ImpactPoint=(X=-50.0,Y=0.0,Z=50.0),Normal=(X=-1.0,Y=-0.0,Z=0.0),ImpactNormal=(X=0.0,Y=0.0,Z=1.0),TraceStart=(X=-200.0,Y=0.0,Z=200.0),TraceEnd=(X=0.0,Y=0.0,Z=0.0))
[2015.07.11-13.25.24:174][  0]ImportText (LineTraceSingleByChannelTests): Missing closing parenthesis: (RootShapeAsset="/Engine/BasicShapes/Cube.Cube",HitResult=(Time=0.50,Location=(X=-100.000015,Y=0.0,Z=100.000015),ImpactPoint=(X=-50.0,Y=0.0,Z=50.0),Normal=(X=-1.0,Y=-0.0,Z=0.0),ImpactNormal=(X=0.0,Y=0.0,Z=1.0),TraceStart=(X=-200.0,Y=0.0,Z=200.0),TraceEnd=(X=0.0,Y=0.0,Z=0.0))
[2015.07.11-13.25.24:255][  0]LogMeshUtilities: No automatic mesh reduction module available
[2015.07.11-13.25.24:255][  0]LogMeshUtilities: No automatic mesh merging module available
[2015.07.11-13.25.25:127][  0]LogInit: WinSock: version 1.1 (2.2), MaxSocks=32767, MaxUdp=65467
[2015.07.11-13.25.29:274][  0]UdpMessaging: Initializing bridge on interface 0.0.0.0:0 to multicast group 230.0.0.1:6666.
[2015.07.11-13.25.31:299][  0]SourceControl: Info Source control is disabled
[2015.07.11-13.25.31:363][  0]SourceControl: Info Source control is disabled
[2015.07.11-13.25.31:442][  0]SourceControl: Info Source control is disabled
[2015.07.11-13.25.31:505][  0]SourceControl: Info Source control is disabled
[2015.07.11-13.25.32:436][  0]LogObj: 31848 objects as part of root set at end of initial load.
[2015.07.11-13.25.32:436][  0]LogUObjectAllocator: 7440816 out of 0 bytes used by permanent object pool.
[2015.07.11-13.25.32:679][  0]LogEngine: Initializing Engine...
[2015.07.11-13.25.32:697][  0]LogHMD: Can't find Oculus library dev build: is proper Runtime installed? Version: 0.6.0.0
[2015.07.11-13.25.32:743][  0]LogHMD:Warning: SteamVR failed to initialize.  Error: 110
[2015.07.11-13.25.33:182][  0]LogAIModule: Creating AISystem for world NewWorld
[2015.07.11-13.25.33:191][  0]LogInit: XAudio2 using 'Speakers (Realtek High Definition Audio)' : 2 channels at 48 kHz using 32 bits per sample (channel mask 0x3)
[2015.07.11-13.25.33:623][  0]LogInit: FAudioDevice initialized.
[2015.07.11-13.25.33:682][  0]LogDerivedDataCache: Saved boot cache 0.06s 61MB C:/Users/Rezan/AppData/Local/UnrealEngine/4.8/DerivedDataCache/Boot.ddc.
[2015.07.11-13.25.33:694][  0]LogInit: Texture streaming: Disabled
[2015.07.11-13.25.33:799][  0]LogAnalytics: Creating configured Analytics provider AnalyticsET
[2015.07.11-13.25.33:799][  0]LogAnalytics: [UEEditor.Rocket.Release] APIServer = http://et2.epicgames.com/ET2/. AppVersion = 4.8.1-2591939+++depot+UE4-Releases+4.8
[2015.07.11-13.25.33:799][  0]LogAnalytics: [UEEditor.Rocket.Release] SetUserId 12696f364a2fcd073294038bc46aadf4|dbc70d0ce94b4e84a4154b9c183a7a14|c970be8e-8256-4106-b4f6-abe17e2a89b8
[2015.07.11-13.25.33:800][  0]LogAnalytics: [UEEditor.Rocket.Release] AnalyticsET::StartSession
[2015.07.11-13.25.34:519][  0]LogInit: Transaction tracking sys