[2015.07.11-12.05.17:926][  0]Log file open, 07/11/15 14:05:17
[2015.07.11-12.05.17:926][  0]LogInit:Display: Running engine for game: MiniJamJuly2015
[2015.07.11-12.05.17:926][  0]LogInit:Display: RandInit(623151497) SRandInit(623151498).
[2015.07.11-12.05.17:926][  0]LogTaskGraph: Started task graph with 4 named threads and 5 total threads.
[2015.07.11-12.05.17:926][  0]LogStats: Stats thread started
[2015.07.11-12.05.17:926][  0]LogInit: Version: 4.8.1-2591939+++depot+UE4-Releases+4.8
[2015.07.11-12.05.17:926][  0]LogInit: API Version: 2579680
[2015.07.11-12.05.17:926][  0]LogInit: Compiled (64-bit): Jun 18 2015 11:02:04
[2015.07.11-12.05.17:926][  0]LogInit: Compiled with Visual C++: 18.00.21005.01
[2015.07.11-12.05.17:926][  0]LogInit: Build Configuration: Development
[2015.07.11-12.05.17:927][  0]LogInit: Branch Name: ++depot+UE4-Releases+4.8
[2015.07.11-12.05.17:927][  0]LogInit: Command line:  
[2015.07.11-12.05.17:927][  0]LogInit: Base directory: C:/Program Files/Epic Games/4.8/Engine/Binaries/Win64/
[2015.07.11-12.05.17:927][  0]LogInit: Rocket: 1
[2015.07.11-12.05.17:988][  0]LogInit: Using libcurl 7.41.0
[2015.07.11-12.05.17:989][  0]LogInit:  - built for x86_64-pc-win32
[2015.07.11-12.05.17:989][  0]LogInit:  - supports SSL with WinSSL
[2015.07.11-12.05.17:989][  0]LogInit:  - other features:
[2015.07.11-12.05.17:989][  0]LogInit:      CURL_VERSION_SSL
[2015.07.11-12.05.17:989][  0]LogInit:      CURL_VERSION_IPV6
[2015.07.11-12.05.17:989][  0]LogInit:      CURL_VERSION_ASYNCHDNS
[2015.07.11-12.05.17:989][  0]LogInit:      CURL_VERSION_LARGEFILE
[2015.07.11-12.05.17:989][  0]LogInit:      CURL_VERSION_IDN
[2015.07.11-12.05.17:989][  0]LogInit:  CurlRequestOptions (configurable via config and command line):
[2015.07.11-12.05.17:989][  0]LogInit:  - bVerifyPeer = true  - Libcurl will verify peer certificate
[2015.07.11-12.05.17:989][  0]LogInit:  - bUseHttpProxy = false  - Libcurl will NOT use HTTP proxy
[2015.07.11-12.05.17:989][  0]LogInit:  - bDontReuseConnections = false  - Libcurl will reuse connections
[2015.07.11-12.05.17:989][  0]LogInit:  - CertBundlePath = nullptr  - Libcurl will use whatever was configured at build time.
[2015.07.11-12.05.18:061][  0]LogOnline:Warning: No default platform service specified for OnlineSubsystem
[2015.07.11-12.05.18:217][  0]LogInit: Presizing for 0 objects not considered by GC, pre-allocating 0 bytes.
[2015.07.11-12.05.18:231][  0]LogInit: Object subsystem initialized
[2015.07.11-12.05.18:234][  0]LogConsoleResponse:Warning: Skipping Unknown console variable: 'TranslucentSortAxis = (X=0.000000,Y=-1.000000,Z=0.000000)'
[2015.07.11-12.05.18:234][  0]LogConsoleResponse:Warning:   Found in ini file 'C:/Users/Rezan/Documents/GitHub/BerlinMiniJamJuly2015/MiniJamJuly2015/Saved/Config/Windows/Engine.ini', in section '[/Script/Engine.RendererSettings]'
[2015.07.11-12.05.18:234][  0]LogConsoleResponse:Warning: Skipping Unknown console variable: 'UIScaleRule = ShortestSide'
[2015.07.11-12.05.18:234][  0]LogConsoleResponse:Warning:   Found in ini file 'C:/Users/Rezan/Documents/GitHub/BerlinMiniJamJuly2015/MiniJamJuly2015/Saved/Config/Windows/Engine.ini', in section '[/Script/Engine.RendererSettings]'
[2015.07.11-12.05.18:234][  0]LogConsoleResponse:Warning: Skipping Unknown console variable: 'UIScaleCurve = (EditorCurveData=(Keys=),ExternalCurve=None)'
[2015.07.11-12.05.18:234][  0]LogConsoleResponse:Warning:   Found in ini file 'C:/Users/Rezan/Documents/GitHub/BerlinMiniJamJuly2015/MiniJamJuly2015/Saved/Config/Windows/Engine.ini', in section '[/Script/Engine.RendererSettings]'
[2015.07.11-12.05.18:235][  0]LogInit: Selected Device Profile: [Windows]
[2015.07.11-12.05.18:235][  0]LogInit: Applying CVar settings loaded from the selected device profile: [Windows]
[2015.07.11-12.05.18:282][  0]LogInit: Computer: ATIVBOOK
[2015.07.11-12.05.18:282][  0]LogInit: User: Rezan
[2015.07.11-12.05.18:282][  0]LogInit: CPU Page size=4096, Cores=2
[2015.07.11-12.05.18:282][  0]LogInit: High frequency timer resolution =2.240907 MHz
[2015.07.11-12.05.18:282][  0]LogMemory: Memory total: Physical=3.9GB (4GB approx)
[2015.07.11-12.05.18:283][  0]LogMemory: Platform Memory Stats for Windows
[2015.07.11-12.05.18:283][  0]LogMemory: Process Physical Memory: 47.70 MB used, 47.70 MB peak
[2015.07.11-12.05.18:283][  0]LogMemory: Process Virtual Memory: 24.19 MB used, 24.19 MB peak
[2015.07.11-12.05.18:283][  0]LogMemory: Physical Memory: 2881.62 MB used, 4010.80 MB total
[2015.07.11-12.05.18:283][  0]LogMemory: Virtual Memory: 291.46 MB used, 134217728.00 MB total
[2015.07.11-12.05.18:705][  0]LogTextLocalizationManager: The requested culture ('en_US') has no localization data; parent culture's ('en') localization data will be used.
[2015.07.11-12.05.19:214][  0]LogTextLocalizationManager:Warning: Loaded localization resources contain conflicting entries for (Namespace:ContentBrowser, Key:ImportAssetToolTip):
Localization Resource: (C:/Program Files/Epic Games/4.8/Engine/Content/Localization/Editor/en/Editor.locres) Source String Hash: (-630476809) Localized String: (Import to {0}...)
Localization Resource: (C:/Program Files/Epic Games/4.8/Engine/Content/Localization/Editor/en/Editor.locres) Source String Hash: (1271782899) Localized String: (Imports an asset from file to this folder.)
[2015.07.11-12.05.20:561][  0]LogD3D11RHI: Found D3D11 adapter 0: Intel(R) HD Graphics Family (Feature Level 11_0)
[2015.07.11-12.05.20:561][  0]LogD3D11RHI: Adapter has 0MB of dedicated video memory, 0MB of dedicated system memory, and 1792MB of shared system memory, 1 output[s]
[2015.07.11-12.05.20:565][  0]LogD3D11RHI: Found D3D11 adapter 1: Microsoft Basic Render Driver (Feature Level 11_0)
[2015.07.11-12.05.20:565][  0]LogD3D11RHI: Adapter has 0MB of dedicated video memory, 0MB of dedicated system memory, and 256MB of shared system memory, 0 output[s]
[2015.07.11-12.05.20:565][  0]LogD3D11RHI: Chosen D3D11 Adapter Id = 0
[2015.07.11-12.05.20:575][  0]LogRHI: Texture pool is 627 MB (70% of 896 MB)
[2015.07.11-12.05.20:590][  0]LogD3D11RHI: Async texture creation enabled
[2015.07.11-12.05.20:604][  0]LogShaderCompilers:Display: Using Local Shader Compiler.
[2015.07.11-12.05.25:828][  0]LogTemp:Display: Loaded TP DesktopTargetPlatform
[2015.07.11-12.05.25:960][  0]LogTemp:Display: Loaded TP WindowsClientTargetPlatform
[2015.07.11-12.05.26:134][  0]LogTemp:Display: Loaded TP WindowsNoEditorTargetPlatform
[2015.07.11-12.05.26:244][  0]LogTemp:Display: Loaded TP WindowsServerTargetPlatform
[2015.07.11-12.05.26:377][  0]LogTemp:Display: Loaded TP WindowsTargetPlatform
[2015.07.11-12.05.26:520][  0]LogTemp:Display: Loaded TP AndroidTargetPlatform
[2015.07.11-12.05.26:629][  0]LogTemp:Display: Loaded TP Android_ASTCTargetPlatform
[2015.07.11-12.05.26:781][  0]LogTemp:Display: Loaded TP Android_ATCTargetPlatform
[2015.07.11-12.05.26:919][  0]LogTemp:Display: Loaded TP Android_DXTTargetPlatform
[2015.07.11-12.05.27:119][  0]LogTemp:Display: Loaded TP Android_ETC1TargetPlatform
[2015.07.11-12.05.27:268][  0]LogTemp:Display: Loaded TP Android_ETC2TargetPlatform
[2015.07.11-12.05.27:436][  0]LogTemp:Display: Loaded TP Android_PVRTCTargetPlatform
[2015.07.11-12.05.27:890][  0]LogTemp:Display: Loaded TP IOSTargetPlatform
[2015.07.11-12.05.28:049][  0]LogTemp:Display: Loaded TP LinuxNoEditorTargetPlatform
[2015.07.11-12.05.28:184][  0]LogTemp:Display: Loaded TP LinuxServerTargetPlatform
[2015.07.11-12.05.28:340][  0]LogTemp:Display: Loaded TP LinuxTargetPlatform
[2015.07.11-12.05.28:340][  0]LogTargetPlatformManager:Display: Building Assets For Windows
[2015.07.11-12.05.30:851][  0]LogDerivedDataCache:Display: Max Cache Size: 512 MB
[2015.07.11-12.05.31:576][  0]LogDerivedDataCache: Loaded boot cache 0.73s 61MB C:/Users/Rezan/AppData/Local/UnrealEngine/4.8/DerivedDataCache/Boot.ddc.
[2015.07.11-12.05.31:576][  0]LogDerivedDataCache:Display: Loaded Boot cache: C:/Users/Rezan/AppData/Local/UnrealEngine/4.8/DerivedDataCache/Boot.ddc
[2015.07.11-12.05.31:577][  0]LogDerivedDataCache: FDerivedDataBackendGraph:  Pak pak cache file ../../../../../../Users/Rezan/Documents/GitHub/BerlinMiniJamJuly2015/MiniJamJuly2015/DerivedDataCache/DDC.ddp not found, will not use a pak cache.
[2015.07.11-12.05.31:589][  0]LogDerivedDataCache: Unable to find inner node Pak for hierarchical cache Hierarchy.
[2015.07.11-12.05.31:590][  0]LogDerivedDataCache: FDerivedDataBackendGraph:  CompressedPak pak cache file ../../../../../../Users/Rezan/Documents/GitHub/BerlinMiniJamJuly2015/MiniJamJuly2015/DerivedDataCache/Compressed.ddp not found, will not use a pak cache.
[2015.07.11-12.05.31:590][  0]LogDerivedDataCache: Unable to find inner node CompressedPak for hierarchical cache Hierarchy.
[2015.07.11-12.05.32:286][  0]LogDerivedDataCache:Display: Pak cache opened for reading ../../../Engine/DerivedDataCache/Compressed.ddp.
[2015.07.11-12.05.32:315][  0]LogDerivedDataCache: Using Local data cache path C:/Users/Rezan/AppData/Local/UnrealEngine/Common/DerivedDataCache: Writable
[2015.07.11-12.05.34:146][  0]LogInit: Selected Device Profile: [Windows]
[2015.07.11-12.05.34:554][  0]ImportText (ComponentSweepMultiTests): Missing closing parenthesis: (RootShapeAsset="/Engine/BasicShapes/Cube.Cube",ShapeType="TriggerCapsule",HitResult=(Time=0.50,Location=(X=-100.000015,Y=0.0,Z=100.000015),ImpactPoint=(X=-50.0,Y=0.0,Z=50.0),Normal=(X=-1.0,Y=-0.0,Z=0.0),ImpactNormal=(X=0.0,Y=0.0,Z=1.0),TraceStart=(X=-200.0,Y=0.0,Z=200.0),TraceEnd=(X=0.0,Y=0.0,Z=0.0))
[2015.07.11-12.05.34:556][  0]ImportText (LineTraceSingleByChannelTests): Missing closing parenthesis: (RootShapeAsset="/Engine/BasicShapes/Cube.Cube",HitResult=(Time=0.50,Location=(X=-100.000015,Y=0.0,Z=100.000015),ImpactPoint=(X=-50.0,Y=0.0,Z=50.0),Normal=(X=-1.0,Y=-0.0,Z=0.0),ImpactNormal=(X=0.0,Y=0.0,Z=1.0),TraceStart=(X=-200.0,Y=0.0,Z=200.0),TraceEnd=(X=0.0,Y=0.0,Z=0.0))
[2015.07.11-12.05.34:803][  0]LogMeshUtilities: No automatic mesh reduction module available
[2015.07.11-12.05.34:803][  0]LogMeshUtilities: No automatic mesh merging module available
[2015.07.11-12.05.36:978][  0]LogInit: WinSock: version 1.1 (2.2), MaxSocks=32767, MaxUdp=65467
[2015.07.11-12.05.47:390][  0]UdpMessaging: Initializing bridge on interface 0.0.0.0:0 to multicast group 230.0.0.1:6666.
[2015.07.11-12.05.51:384][  0]SourceControl: Info Source control is disabled
[2015.07.11-12.05.51:511][  0]SourceControl: Info Source control is disabled
[2015.07.11-12.05.51:634][  0]SourceControl: Info Source control is disabled
[2015.07.11-12.05.51:738][  0]SourceControl: Info Source control is disabled
[2015.07.11-12.05.53:861][  0]LogObj: 31319 objects as part of root set at end of initial load.
[2015.07.11-12.05.53:862][  0]LogUObjectAllocator: 7179696 out of 0 bytes used by permanent object pool.
[2015.07.11-12.05.54:199][  0]LogEngine: Initializing Engine...
[2015.07.11-12.05.54:250][  0]LogHMD: Can't find Oculus library dev build: is proper Runtime installed? Version: 0.6.0.0
[2015.07.11-12.05.54:335][  0]LogHMD:Warning: SteamVR failed to initialize.  Error: 110
[2015.07.11-12.05.55:237][  0]LogAIModule: Creating AISystem for world NewWorld
[2015.07.11-12.05.55:272][  0]LogInit: XAudio2 using 'Speakers (Realtek High Definition Audio)' : 2 channels at 48 kHz using 32 bits per sample (channel mask 0x3)
[2015.07.11-12.05.55:327][  0]LogAudio:Warning: CreateMasteringVoice error: Unhandled error code -2004287478
[2015.07.11-12.05.55:327][  0]LogInit:Warning: Failed to create the mastering voice for XAudio2
[2015.07.11-12.05.55:404][  0]LogDerivedDataCache: Saved boot cache 0.08s 61MB C:/Users/Rezan/AppData/Local/UnrealEngine/4.8/DerivedDataCache/Boot.ddc.
[2015.07.11-12.05.55:465][  0]LogInit: Texture streaming: Disabled
[2015.07.11-12.05.55:714][  0]LogAnalytics: Creating configured Analytics provider AnalyticsET
[2015.07.11-12.05.55:714][  0]LogAnalytics: [UEEditor.Rocket.Release] APIServer = http://et2.epicgames.com/ET2/. AppVersion = 4.8.1-2591939+++depot+UE4-Releases+4.8
[2015.07.11-12.05.55:714][  0]LogAnalytics: [UEEditor.Rocket.Release] SetUserId 12696f364a2fcd073294038bc46aadf4|dbc70d0ce94b4e84a4154b9c183a7a14|c970be8e-8256-4106-b4f6-abe17e2a89b8
[2015.07.11-12.05.55:714][  0]LogAnalytics: [UEEditor.Rocket.Release] AnalyticsET::StartSession
[2015.07.11-12.05.56:613][  0]LogInit: Transaction tracking system initialized
[2015.07.11-12.05.58:558][  0]BlueprintLog: New page: Editor Load
[2015.07.11-12.06.02:590][  0]LogAssetRegistry: FAssetRegistry took 3.6196 seconds to start up
[2015.07.11-12.06.02:593][  0]LogDirectoryWatcher:Warning: Failed to begin reading directory changes for ../../../Engine/Plugins/Experimental/CharacterAI/Content/. Error: 0
[2015.07.11-12.06.09:873][  0]LogConsoleManager:Warning: Console variable 'r.VSync' wasn't set ('GameSetting' has a lower priority than 'SystemSettingsIni')
[2015.07.11-12.06.09:873][  0]LogConsoleResponse:Display: 
[2015.07.11-12.06.10:560][  0]LogCook:Display: Done creating registry. It took  0.00s.
[2015.07.11-12.06.12:188][  0]SourceControl: Info Source control is disabled
[2015.07.11-12.06.12:189][  0]Cmd: MAP LOAD FILE="../../../../../../Users/Rezan/Documents/GitHub/BerlinMiniJamJuly2015/MiniJamJuly2015/Content/FirstPerson/Maps/FirstPersonExampleMap.umap" TEMPLATE=0 SHOWPROGRESS=1 FEATURELEVEL=3
[2015.07.11-12.06.12:191][  0]LightingResults: New page: Lighting Build
[2015.07.11-12.06.12:281][  0]MapCheck: New page: Map Check
[2015.07.11-12.06.12:281][  0]LightingResults: New page: Lighting Build
[2015.07.11-12.06.12:326][  0]LogParticles: Destroying 0 GPU particle simulations for FXSystem 0x0000006A7FACA160
[2015.07.11-12.06.15:200][  0]LogAIModule: Creating AISystem for world FirstPersonExampleMap
[2015.07.11-12.06.15:621][  0]LogEditorServer: Finished looking for orphan Actors (0.000 secs)
[2015.07.11-12.06.26:775][  0]Cmd: MAP CHECKDEP NOCLEARLOG
[2015.07.11-12.06.28:263][  0]MapCheck: Info Map check complete: 0 Error(s), 0 Warning(s), took 1,455.77ms to complete.
[2015.07.11-12.06.28:291][  0]LogFileHelpers: Loading map 'FirstPersonExampleMap' took 16.102
[2015.07.11-12.06.31:238][  0]LogCollectionManager: Loaded 0 collections in 0.004307 seconds
[2015.07.11-12.06.31:490][  0]LogContentBrowser: Native class hierarchy populated in 0.1992 seconds. Added 1797 classes and 303 folders.
[2015.07.11-12.06.32:281][  0]LogContentBrowser: Native class hierarchy updated for 'WidgetCarousel' in 0.0088 seconds. Added 0 classes and 0 folders.
[2015.07.11-12.06.32:511][  0]LogContentBrowser: Native class hierarchy updated for 'AddContentDialog' in 0.0259 seconds. Added 0 classes and 0 folders.
[2015.07.11-12.06.32:656][  0]LogContentBrowser: Native class hierarchy updated for 'SceneOutliner' in 0.0083 seconds. Added 1 classes and 2 folders.
[2015.07.11-12.06.32:989][  0]LogCrashTracker: Crashtracker disabled due to settings.
[2015.07.11-12.06.33:008][  0]LogUObjectGlobals:Warning: Failed to find object 'Class None.'
[2015.07.11-12.06.33:057][  0]LogLoad: Full Startup: 81.94 seconds (BP compile: 0.96 seconds)
[2015.07.11-12.06.34:661][  0]LogContentStreaming: Texture pool size is 0.000000MB
[2015.07.11-12.06.35:176][  0]LogContentStreaming: Texture pool size now 200 MB
[2015.07.11-12.06.38:569][  0]LogRenderer: Reallocating scene render targets to support 968x464 (Frame:2).
[2015.07.11-12.06.44:210][ 15]LogAssetRegistry: Asset discovery search completed in 45.2385 seconds
[2015.07.11-12.07.45:313][299]LogHotReload: New module detected: UE4Editor-MiniJamJuly2015-377.dll
[2015.07.11-12.07.48:329][309]LogHotReload: Starting Hot-Reload from IDE
[2015.07.11-12.07.52:260][309]LogClass: Could not find existing class Worm in package /Script/MiniJamJuly2015 for HotReload, assuming new class
[2015.07.11-12.07.52:315][309]LogContentBrowser: Native class hierarchy updated for 'MiniJamJuly2015' in 0.0191 seconds. Added 6 classes and 2 folders.
[2015.07.11-12.07.52:320][309]Warning: HotReload successful (1 functions remapped  0 scriptstructs remapped)
[2015.07.11-12.07.52:438][309]LogContentBrowser: Native class hierarchy populated in 0.0347 seconds. Added 1799 classes and 305 folders.
[2015.07.11-12.09.11:906][280]LogLinker:Warning: Asset '../../../Engine/Content/ArtTools/RenderToTexture/Macros/RenderToTextureMacros.uasset' has been saved with empty engine version. The asset will be loaded but may be incompatible.
[2015.07.11-12.09.13:841][280]LogLinker:Warning: Asset '../../../Engine/Content/ArtTools/RenderToTexture/Enums/RenderToTexture_Enum.uasset' has been saved with empty engine version. The asset will be loaded but may be incompatible.
[2015.07.11-12.09.17:337][281]LogRenderer: Reallocating scene render targets to support 968x552 (Frame:909).
[2015.07.11-12.09.19:693][319]BlueprintLog: New page: Compile WormCharacter
[2015.07.11-12.09.19:988][319]BlueprintEditorCompileResults: Info [0248.32] Compile of WormCharacter successful! [in 294 ms]
[2015.07.11-12.09.53:500][600]BlueprintLog: New page: Compile WormCharacter
[2015.07.11-12.09.54:018][600]LogActorComponent: UnregisterComponent: (/Engine/Transient.CharMoveComp) Not registered. Aborting.
[2015.07.11-12.09.54:127][600]BlueprintEditorCompileResults: Info [0282.45] Compile of WormCharacter successful! [in 626 ms]
[2015.07.11-12.09.55:271][620]LogActorComponent: UnregisterComponent: (/Engine/Transient.CharMoveComp) Not registered. Aborting.
[2015.07.11-12.09.55:517][620]Cmd: OBJ SAVEPACKAGE PACKAGE="/Game/WormCharacter" FILE="../../../../../../Users/Rezan/Documents/GitHub/BerlinMiniJamJuly2015/MiniJamJuly2015/Content/WormCharacter.uasset" SILENT=true
[2015.07.11-12.09.55:679][620]LogSavePackage: Save=150.037018ms
[2015.07.11-12.09.55:679][620]LogSavePackage: Moving '../../../../../../Users/Rezan/Documents/GitHub/BerlinMiniJamJuly2015/MiniJamJuly2015/Saved/WormCharacter560B1D994FCCA66E0AFAD1908E22774B.tmp' to '../../../../../../Users/Rezan/Documents/GitHub/BerlinMiniJamJuly2015/MiniJamJuly2015/Content/WormCharacter.uasset'
[2015.07.11-12.09.55:711][620]Cmd: OBJ SAVEPACKAGE PACKAGE="/Game/WormController" FILE="../../../../../../Users/Rezan/Documents/GitHub/BerlinMiniJamJuly2015/MiniJamJuly2015/Content/WormController.uasset" SILENT=true
[2015.07.11-12.09.55:769][620]LogSavePackage: Save=50.665646ms
[2015.07.11-12.09.55:769][620]LogSavePackage: Moving '../../../../../../Users/Rezan/Documents/GitHub/BerlinMiniJamJuly2015/MiniJamJuly2015/Saved/WormController7F5159FA416D1FAB588C5B9574FA3792.tmp' to '../../../../../../Users/Rezan/Documents/GitHub/BerlinMiniJamJuly2015/MiniJamJuly2015/Content/WormController.uasset'
[2015.07.11-12.10.15:414][ 70]LogActor:Warning: RecastNavMesh /Game/FirstPerson/Maps/FirstPersonExampleMap.FirstPersonExampleMap:PersistentLevel.RecastNavMesh_0 has natively added scene component(s), but none of them were set as the actor's RootComponent - picking one arbitrarily
[2015.07.11-12.11.12:337][254]LogSlate:Warning: Prevented a slow task dialog from being summoned while a context menu was open
[2015.07.11-12.11.15:002][385]LogActorComponent: UnregisterComponent: (/Engine/Transient.CharMoveComp) Not registered. Aborting.
[2015.07.11-12.11.20:150][632]BlueprintLog: New page: Compile WormCharacter
[2015.07.11-12.11.20:408][632]LogActorComponent: UnregisterComponent: (/Engine/Transient.CharacterMovementComponent_0) Not registered. Aborting.
[2015.07.11-12.11.20:543][632]LogParticles: Destroying 0 GPU particle simulations for FXSystem 0x0000006A2FE1FC40
[2015.07.11-12.11.20:666][632]BlueprintEditorCompileResults: Info [0368.99] Compile of WormCharacter successful! [in 516 ms]
[2015.07.11-12.11.22:249][719]LogActorComponent: UnregisterComponent: (/Engine/Transient.CharMoveComp) Not registered. Aborting.
[2015.07.11-12.11.36:404][719]LogSavePackage: Save=13526.719727ms
[2015.07.11-12.11.36:404][719]LogSavePackage: Moving '../../../../../../Users/Rezan/Documents/GitHub/BerlinMiniJamJuly2015/MiniJamJuly2015/Saved/FirstPersonExampleMapC46E16D14D627D10B7CFF9B8CF16AB1B.tmp' to '../../../../../../Users/Rezan/Documents/GitHub/BerlinMiniJamJuly2015/MiniJamJuly2015/Content/FirstPerson/Maps/FirstPersonExampleMap.umap'
[2015.07.11-12.11.36:495][719]LogFileHelpers: Saving map 'FirstPersonExampleMap' took 14.122
[2015.07.11-12.11.36:538][719]Cmd: OBJ SAVEPACKAGE PACKAGE="/Game/WormCharacter" FILE="../../../../../../Users/Rezan/Documents/GitHub/BerlinMiniJamJuly2015/MiniJamJuly2015/Content/WormCharacter.uasset" SILENT=true
[2015.07.11-12.11.36:595][719]LogSavePackage: Save=42.711277ms
[2015.07.11-12.11.36:595][719]LogSavePackage: Moving '../../../../../../Users/Rezan/Documents/GitHub/BerlinMiniJamJuly2015/MiniJamJuly2015/Saved/WormCharacterCABFE77C4BB08936137F7091B5DB61A3.tmp' to '../../../../../../Users/Rezan/Documents/GitHub/BerlinMiniJamJuly2015/MiniJamJuly2015/Content/WormCharacter.uasset'
[2015.07.11-12.12.33:952][331]LogActorComponent: UnregisterComponent: (/Engine/Transient.CharMoveComp) Not registered. Aborting.
[2015.07.11-12.12.34:074][331]LogParticles: Destroying 0 GPU particle simulations for FXSystem 0x0000006A7FA1C180
[2015.07.11-12.12.44:533][331]LogSavePackage: Save=9667.539063ms
[2015.07.11-12.12.44:533][331]LogSavePackage: Moving '../../../../../../Users/Rezan/Documents/GitHub/BerlinMiniJamJuly2015/MiniJamJuly2015/Saved/FirstPersonExampleMap466F30B84C8C0744BBB474A939F93ED4.tmp' to '../../../../../../Users/Rezan/Documents/GitHub/BerlinMiniJamJuly2015/MiniJamJuly2015/Content/FirstPerson/Maps/FirstPersonExampleMap.umap'
[2015.07.11-12.12.44:587][331]LogFileHelpers: Saving map 'FirstPersonExampleMap' took 10.357
[2015.07.11-12.12.44:600][331]Cmd: OBJ SAVEPACKAGE PACKAGE="/Game/WormBehaviourTree" FILE="../../../../../../Users/Rezan/Documents/GitHub/BerlinMiniJamJuly2015/MiniJamJuly2015/Content/WormBehaviourTree.uasset" SILENT=true
[2015.07.11-12.12.44:609][331]LogSavePackage: Save=3.837286ms
[2015.07.11-12.12.44:609][331]LogSavePackage: Moving '../../../../../../Users/Rezan/Documents/GitHub/BerlinMiniJamJuly2015/MiniJamJuly2015/Saved/WormBehaviourTree860D684B490008509C2A8D951EF27B96.tmp' to '../../../../../../Users/Rezan/Documents/GitHub/BerlinMiniJamJuly2015/MiniJamJuly2015/Content/WormBehaviourTree.uasset'
[2015.07.11-12.12.44:636][331]Cmd: OBJ SAVEPACKAGE PACKAGE="/Game/WormBlackboard" FILE="../../../../../../Users/Rezan/Documents/GitHub/BerlinMiniJamJuly2015/MiniJamJuly2015/Content/WormBlackboard.uasset" SILENT=true
[2015.07.11-12.12.44:646][331]LogSavePackage: Save=4.804305ms
[2015.07.11-12.12.44:646][331]LogSavePackage: Moving '../../../../../../Users/Rezan/Documents/GitHub/BerlinMiniJamJuly2015/MiniJamJuly2015/Saved/WormBlackboard83DF26A24E7D830DF52E6FBF918F9E37.tmp' to '../../../../../../Users/Rezan/Documents/GitHub/BerlinMiniJamJuly2015/MiniJamJuly2015/Content/WormBlackboard.uasset'
[2015.07.11-12.12.44:684][331]Cmd: OBJ SAVEPACKAGE PACKAGE="/Game/MoveToPlayer" FILE="../../../../../../Users/Rezan/Documents/GitHub/BerlinMiniJamJuly2015/MiniJamJuly2015/Content/MoveToPlayer.uasset" SILENT=true
[2015.07.11-12.12.44:696][331]LogSavePackage: Save=7.279642ms
[2015.07.11-12.12.44:696][331]LogSavePackage: Moving '../../../../../../Users/Rezan/Documents/GitHub/BerlinMiniJamJuly2015/MiniJamJuly2015/Saved/MoveToPlayerE60F21BB470C52EDAC8C35BF9B7B277F.tmp' to '../../../../../../Users/Rezan/Documents/GitHub/BerlinMiniJamJuly2015/MiniJamJuly2015/Content/MoveToPlayer.uasset'
[2015.07.11-12.12.48:286][476]LogSlate:Warning: Prevented a slow task dialog from being summoned while a context menu was open
[2015.07.11-12.13.14:655][984]Cmd: OBJ SAVEPACKAGE PACKAGE="/Game/WormBlackboard" FILE="../../../../../../Users/Rezan/Documents/GitHub/BerlinMiniJamJuly2015/MiniJamJuly2015/Content/WormBlackboard.uasset" SILENT=true
[2015.07.11-12.13.14:680][984]LogSavePackage: Save=5.460735ms
[2015.07.11-12.13.14:680][984]LogSavePackage: Moving '../../../../../../Users/Rezan/Documents/GitHub/BerlinMiniJamJuly2015/MiniJamJuly2015/Saved/WormBlackboardD172D7F04F644C9CD0C52B9CFBCF89D7.tmp' to '../../../../../../Users/Rezan/Documents/GitHub/BerlinMiniJamJuly2015/MiniJamJuly2015/Content/WormBlackboard.uasset'
[2015.07.11-12.14.07:048][ 74]Cmd: OBJ SAVEPACKAGE PACKAGE="/Game/WormBehaviourTree" FILE="../../../../../../Users/Rezan/Documents/GitHub/BerlinMiniJamJuly2015/MiniJamJuly2015/Content/WormBehaviourTree.uasset" SILENT=true
[2015.07.11-12.14.07:072][ 74]LogSavePackage: Save=7.985606ms
[2015.07.11-12.14.07:072][ 74]LogSavePackage: Moving '../../../../../../Users/Rezan/Documents/GitHub/BerlinMiniJamJuly2015/MiniJamJuly2015/Saved/WormBehaviourTree55A444EE44337491DE623C9217371A4E.tmp' to '../../../../../../Users/Rezan/Documents/GitHub/BerlinMiniJamJuly2015/MiniJamJuly2015/Content/WormBehaviourTree.uasset'
[2015.07.11-12.14.20:855][397]LogRenderer: Reallocating scene render targets to support 968x728 (Frame:4884).
[2015.07.11-12.14.28:847][665]LogActorComponent: UnregisterComponent: (/Engine/Transient.CharMoveComp) Not registered. Aborting.
[2015.07.11-12.17.01:792][890]BlueprintLog: New page: Compile MoveToPlayer
[2015.07.11-12.17.01:932][890]LogActorComponent: UnregisterComponent: (/Engine/Transient.CharMoveComp) Not registered. Aborting.
[2015.07.11-12.17.02:049][890]BlueprintEditorCompileResults: Info [0710.38] Compile of MoveToPlayer successful! [in 256 ms]
[2015.07.11-12.17.04:366][  8]Cmd: OBJ SAVEPACKAGE PACKAGE="/Game/MoveToPlayer" FILE="../../../../../../Users/Rezan/Documents/GitHub/BerlinMiniJamJuly2015/MiniJamJuly2015/Content/MoveToPlayer.uasset" SILENT=true
[2015.07.11-12.17.04:459][  8]LogSavePackage: Save=72.409073ms
[2015.07.11-12.17.04:459][  8]LogSavePackage: Moving '../../../../../../Users/Rezan/Documents/GitHub/BerlinMiniJamJuly2015/MiniJamJuly2015/Saved/MoveToPlayer0FE4D8ED4054C6FCA9760980CF362BCE.tmp' to '../../../../../../Users/Rezan/Documents/GitHub/BerlinMiniJamJuly2015/MiniJamJuly2015/Content/MoveToPlayer.uasset'
[2015.07.11-12.17.32:316][389]BlueprintLog: New page: Compile MoveToPlayer
[2015.07.11-12.17.32:538][389]BlueprintEditorCompileResults: Info [0740.86] Compile of MoveToPlayer successful! [in 220 ms]
[2015.07.11-12.17.34:100][456]Cmd: OBJ SAVEPACKAGE PACKAGE="/Game/MoveToPlayer" FILE="../../../../../../Users/Rezan/Documents/GitHub/BerlinMiniJamJuly2015/MiniJamJuly2015/Content/MoveToPlayer.uasset" SILENT=true
[2015.07.11-12.17.34:173][456]LogSavePackage: Save=58.444191ms
[2015.07.11-12.17.34:173][456]LogSavePackage: Moving '../../../../../../Users/Rezan/Documents/GitHub/BerlinMiniJamJuly2015/MiniJamJuly2015/Saved/MoveToPlayerA841E6614C6D4C94ED7025956AF9DE7C.tmp' to '../../../../../../Users/Rezan/Documents/GitHub/BerlinMiniJamJuly2015/MiniJamJuly2015/Content/MoveToPlayer.uasset'
[2015.07.11-12.17.59:548][652]BlueprintLog: New page: Compile WormController
[2015.07.11-12.18.00:058][652]BlueprintEditorCompileResults: Info [0768.39] Compile of WormController successful! [in 510 ms]
[2015.07.11-12.18.01:476][711]Cmd: OBJ SAVEPACKAGE PACKAGE="/Game/WormController" FILE="../../../../../../Users/Rezan/Documents/GitHub/BerlinMiniJamJuly2015/MiniJamJuly2015/Content/WormController.uasset" SILENT=true
[2015.07.11-12.18.01:529][711]LogSavePackage: Save=31.036541ms
[2015.07.11-12.18.01:529][711]LogSavePackage: Moving '../../../../../../Users/Rezan/Documents/GitHub/BerlinMiniJamJuly2015/MiniJamJuly2015/Saved/WormController10C69EBF4D9A82F5C66A1D9CF02D8226.tmp' to '../../../../../../Users/Rezan/Documents/GitHub/BerlinMiniJamJuly2015/MiniJamJuly2015/Content/WormController.uasset'
[2015.07.11-12.18.09:195][ 97]BlueprintLog: New page: Compile WormController
[2015.07.11-12.18.09:631][ 97]BlueprintEditorCompileResults: Info [0777.96] Compile of WormController successful! [in 435 ms]
[2015.07.11-12.18.09:632][ 97]BlueprintLog: New page: Compile WormController
[2015.07.11-12.18.09:935][ 97]BlueprintEditorCompileResults: Info [0778.26] Compile of WormController successful! [in 303 ms]
[2015.07.11-12.18.25:228][825]LogEditorViewport: Clicking on Actor (LMB): StaticMeshActor (Floor)
[2015.07.11-12.18.36:932][ 75]LogEditorViewport: Clicking on Actor (LMB): FirstPersonCharacter_C (FirstPersonCharacter)
[2015.07.11-12.18.49:301][533]LogSlate:Warning: Prevented a slow task dialog from being summoned while a context menu was open
[2015.07.11-12.19.11:014][647]BlueprintLog: New page: Compile WormController
[2015.07.11-12.19.11:474][647]BlueprintEditorCompileResults: Info [0839.80] Compile of WormController successful! [in 458 ms]
[2015.07.11-12.19.14:624][803]Cmd: OBJ SAVEPACKAGE PACKAGE="/Game/WormController" FILE="../../../../../../Users/Rezan/Documents/GitHub/BerlinMiniJamJuly2015/MiniJamJuly2015/Content/WormController.uasset" SILENT=true
[2015.07.11-12.19.14:656][803]LogSavePackage: Save=20.030729ms
[2015.07.11-12.19.14:657][803]LogSavePackage: Moving '../../../../../../Users/Rezan/Documents/GitHub/BerlinMiniJamJuly2015/MiniJamJuly2015/Saved/WormController4A72966644FC704E955477998590ECAD.tmp' to '../../../../../../Users/Rezan/Documents/GitHub/BerlinMiniJamJuly2015/MiniJamJuly2015/Content/WormController.uasset'
[2015.07.11-12.19.48:342][363]LogActorComponent: UnregisterComponent: (/Engine/Transient.CharMoveComp) Not registered. Aborting.
[2015.07.11-12.19.52:250][521]LogActorComponent: UnregisterComponent: (/Engine/Transient.CharacterMovementComponent_1) Not registered. Aborting.
[2015.07.11-12.19.53:672][583]BlueprintLog: New page: Compile WormCharacter
[2015.07.11-12.19.53:811][583]LogActorComponent: UnregisterComponent: (/Engine/Transient.CharacterMovementComponent_2) Not registered. Aborting.
[2015.07.11-12.19.53:929][583]BlueprintEditorCompileResults: Info [0882.26] Compile of WormCharacter successful! [in 257 ms]
[2015.07.11-12.19.54:534][611]LogActorComponent: UnregisterComponent: (/Engine/Transient.CharMoveComp) Not registered. Aborting.
[2015.07.11-12.19.54:749][611]Cmd: OBJ SAVEPACKAGE PACKAGE="/Game/WormCharacter" FILE="../../../../../../Users/Rezan/Documents/GitHub/BerlinMiniJamJuly2015/MiniJamJuly2015/Content/WormCharacter.uasset" SILENT=true
[2015.07.11-12.19.54:815][611]LogSavePackage: Save=50.273396ms
[2015.07.11-12.19.54:815][611]LogSavePackage: Moving '../../../../../../Users/Rezan/Documents/GitHub/BerlinMiniJamJuly2015/MiniJamJuly2015/Saved/WormCharacterAFCEF7DC43B5383BF80C2290086CF0CE.tmp' to '../../../../../../Users/Rezan/Documents/GitHub/BerlinMiniJamJuly2015/MiniJamJuly2015/Content/WormCharacter.uasset'
[2015.07.11-12.19.54:857][611]Cmd: OBJ SAVEPACKAGE PACKAGE="/Game/WormController" FILE="../../../../../../Users/Rezan/Documents/GitHub/BerlinMiniJamJuly2015/MiniJamJuly2015/Content/WormController.uasset" SILENT=true
[2015.07.11-12.19.54:968][611]LogSavePackage: Save=51.984753ms
[2015.07.11-12.19.54:969][611]LogSavePackage: Moving '../../../../../../Users/Rezan/Documents/GitHub/BerlinMiniJamJuly2015/MiniJamJuly2015/Saved/WormControllerC4DAF49448AFFB97ECD742B4A24715FA.tmp' to '../../../../../../Users/Rezan/Documents/GitHub/BerlinMiniJamJuly2015/MiniJamJuly2015/Content/WormController.uasset'
[2015.07.11-12.22.04:577][977]BlueprintLog: New page: Compile WormController
[2015.07.11-12.22.04:628][977]LogBlueprint:Error: [compiler WormController] Error The current value (None) of the ' Key Name ' pin is invalid: 'Key Name' must have an input wired into it ("by ref" params expect a valid input to operate on).
[2015.07.11-12.22.04:927][977]LogActorComponent: UnregisterComponent: (/Engine/Transient.CharMoveComp) Not registered. Aborting.
[2015.07.11-12.22.05:102][977]LogBlueprint:Warning: [compiler WormController] Warning [1013.43] Compile of WormController failed. 1 Fatal Issue(s) 0 Warning(s) [in 524 ms]
[2015.07.11-12.22.05:102][977]BlueprintEditorCompileResults:Error: Error The current value (None) of the ' Key Name ' pin is invalid: 'Key Name' must have an input wired into it ("by ref" params expect a valid input to operate on).
[2015.07.11-12.22.05:103][977]BlueprintEditorCompileResults:Warning: Warning [1013.43] Compile of WormController failed. 1 Fatal Issue(s) 0 Warning(s) [in 524 ms]
[2015.07.11-12.22.16:248][498]Cmd: OBJ SAVEPACKAGE PACKAGE="/Game/WormController" FILE="../../../../../../Users/Rezan/Documents/GitHub/BerlinMiniJamJuly2015/MiniJamJuly2015/Content/WormController.uasset" SILENT=true
[2015.07.11-12.22.16:302][498]LogSavePackage: Save=40.398373ms
[2015.07.11-12.22.16:302][498]LogSavePackage: Moving '../../../../../../Users/Rezan/Documents/GitHub/BerlinMiniJamJuly2015/MiniJamJuly2015/Saved/WormControllerB9D838154DB02D9E75947BB5C2507530.tmp' to '../../../../../../Users/Rezan/Documents/GitHub/BerlinMiniJamJuly2015/MiniJamJuly2015/Content/WormController.uasset'
[2015.07.11-12.23.12:534][347]BlueprintLog: New page: Compile WormController
[2015.07.11-12.23.13:020][347]BlueprintEditorCompileResults: Info [1081.35] Compile of WormController successful! [in 485 ms]
[2015.07.11-12.23.21:454][737]BlueprintLog: New page: Compile WormController
[2015.07.11-12.23.21:872][737]BlueprintEditorCompileResults: Info [1090.20] Compile of WormController successful! [in 418 ms]
[2015.07.11-12.23.27:752][994]Cmd: OBJ SAVEPACKAGE PACKAGE="/Game/WormController" FILE="../../../../../../Users/Rezan/Documents/GitHub/BerlinMiniJamJuly2015/MiniJamJuly2015/Content/WormController.uasset" SILENT=true
[2015.07.11-12.23.27:827][994]LogSavePackage: Save=52.783985ms
[2015.07.11-12.23.27:827][994]LogSavePackage: Moving '../../../../../../Users/Rezan/Documents/GitHub/BerlinMiniJamJuly2015/MiniJamJuly2015/Saved/WormController9161487745D832897F9932B393ABB0FE.tmp' to '../../../../../../Users/Rezan/Documents/GitHub/BerlinMiniJamJuly2015/MiniJamJuly2015/Content/WormController.uasset'
[2015.07.11-12.23.35:921][356]BlueprintLog: New page: Compile WormController
[2015.07.11-12.23.36:228][356]BlueprintEditorCompileResults: Info [1104.56] Compile of WormController successful! [in 305 ms]
[2015.07.11-12.23.55:080][658]BlueprintLog: New page: Compile WormController
[2015.07.11-12.23.55:346][658]BlueprintEditorCompileResults: Info [1123.67] Compile of WormController successful! [in 265 ms]
[2015.07.11-12.24.13:165][517]BlueprintLog: New page: Compile MoveToPlayer
[2015.07.11-12.24.13:305][517]LogActorComponent: UnregisterComponent: (/Engine/Transient.CharMoveComp) Not registered. Aborting.
[2015.07.11-12.24.13:423][517]BlueprintEditorCompileResults: Info [1141.75] Compile of MoveToPlayer successful! [in 257 ms]
[2015.07.11-12.24.17:820][738]Cmd: OBJ SAVEPACKAGE PACKAGE="/Game/WormController" FILE="../../../../../../Users/Rezan/Documents/GitHub/BerlinMiniJamJuly2015/MiniJamJuly2015/Content/WormController.uasset" SILENT=true
[2015.07.11-12.24.17:872][738]LogSavePackage: Save=40.389004ms
[2015.07.11-12.24.17:872][738]LogSavePackage: Moving '../../../../../../Users/Rezan/Documents/GitHub/BerlinMiniJamJuly2015/MiniJamJuly2015/Saved/WormController4FE6717F4554847FF910EF8211FA827C.tmp' to '../../../../../../Users/Rezan/Documents/GitHub/BerlinMiniJamJuly2015/MiniJamJuly2015/Content/WormController.uasset'
[2015.07.11-12.24.17:905][738]Cmd: OBJ SAVEPACKAGE PACKAGE="/Game/WormBehaviourTree" FILE="../../../../../../Users/Rezan/Documents/GitHub/BerlinMiniJamJuly2015/MiniJamJuly2015/Content/WormBehaviourTree.uasset" SILENT=true
[2015.07.11-12.24.17:939][738]LogSavePackage: Save=11.180740ms
[2015.07.11-12.24.17:939][738]LogSavePackage: Moving '../../../../../../Users/Rezan/Documents/GitHub/BerlinMiniJamJuly2015/MiniJamJuly2015/Saved/WormBehaviourTree3FBDA33B49D5CD76B7F9BE8BD21ABCE3.tmp' to '../../../../../../Users/Rezan/Documents/GitHub/BerlinMiniJamJuly2015/MiniJamJuly2015/Content/WormBehaviourTree.uasset'
[2015.07.11-12.24.17:969][738]Cmd: OBJ SAVEPACKAGE PACKAGE="/Game/MoveToPlayer" FILE="../../../../../../Users/Rezan/Documents/GitHub/BerlinMiniJamJuly2015/MiniJamJuly2015/Content/MoveToPlayer.uasset" SILENT=true
[2015.07.11-12.24.18:051][738]LogSavePackage: Save=54.979969ms
[2015.07.11-12.24.18:051][738]LogSavePackage: Moving '../../../../../../Users/Rezan/Documents/GitHub/BerlinMiniJamJuly2015/MiniJamJuly2015/Saved/MoveToPlayer869E4469495052008FDD96B6BFFDB2EA.tmp' to '../../../../../../Users/Rezan/Documents/GitHub/BerlinMiniJamJuly2015/MiniJamJuly2015/Content/MoveToPlayer.uasset'
[2015.07.11-12.24.46:231][786]Cmd: OBJ SAVEPACKAGE PACKAGE="/Game/Worm" FILE="../../../../../../Users/Rezan/Documents/GitHub/BerlinMiniJamJuly2015/MiniJamJuly2015/Content/Worm.uasset" SILENT=true
[2015.07.11-12.24.46:246][786]LogSavePackage: Save=5.721790ms
[2015.07.11-12.24.46:246][786]LogSavePackage: Moving '../../../../../../Users/Rezan/Documents/GitHub/BerlinMiniJamJuly2015/MiniJamJuly2015/Saved/Worm85EAB098434925F1F306D3B4D81A37AE.tmp' to '../../../../../../Users/Rezan/Documents/GitHub/BerlinMiniJamJuly2015/MiniJamJuly2015/Content/Worm.uasset'
[2015.07.11-12.24.46:344][786]LogActorComponent: UnregisterComponent: (/Engine/Transient.CharMoveComp) Not registered. Aborting.
[2015.07.11-12.25.07:877][  7]LogSlate:Warning: Prevented a slow task dialog from being summoned while a context menu was open
[2015.07.11-12.25.11:171][200]LogWindows:Error: Windows GetLastError: The operation completed successfully. (0)
[2015.07.11-12.25.11:176][200]LogCrashTracker: 


