[2015.07.11-12.26.51:735][  0]Log file open, 07/11/15 14:26:51
[2015.07.11-12.26.51:735][  0]LogInit:Display: Running engine for game: MiniJamJuly2015
[2015.07.11-12.26.51:735][  0]LogInit:Display: RandInit(-767835430) SRandInit(-767835430).
[2015.07.11-12.26.51:735][  0]LogTaskGraph: Started task graph with 4 named threads and 5 total threads.
[2015.07.11-12.26.51:735][  0]LogStats: Stats thread started
[2015.07.11-12.26.51:735][  0]LogInit: Version: 4.8.1-2591939+++depot+UE4-Releases+4.8
[2015.07.11-12.26.51:735][  0]LogInit: API Version: 2579680
[2015.07.11-12.26.51:735][  0]LogInit: Compiled (64-bit): Jun 18 2015 11:02:04
[2015.07.11-12.26.51:735][  0]LogInit: Compiled with Visual C++: 18.00.21005.01
[2015.07.11-12.26.51:735][  0]LogInit: Build Configuration: Development
[2015.07.11-12.26.51:735][  0]LogInit: Branch Name: ++depot+UE4-Releases+4.8
[2015.07.11-12.26.51:735][  0]LogInit: Command line:  
[2015.07.11-12.26.51:735][  0]LogInit: Base directory: C:/Program Files/Epic Games/4.8/Engine/Binaries/Win64/
[2015.07.11-12.26.51:735][  0]LogInit: Rocket: 1
[2015.07.11-12.26.51:777][  0]LogInit: Using libcurl 7.41.0
[2015.07.11-12.26.51:777][  0]LogInit:  - built for x86_64-pc-win32
[2015.07.11-12.26.51:777][  0]LogInit:  - supports SSL with WinSSL
[2015.07.11-12.26.51:777][  0]LogInit:  - other features:
[2015.07.11-12.26.51:777][  0]LogInit:      CURL_VERSION_SSL
[2015.07.11-12.26.51:777][  0]LogInit:      CURL_VERSION_IPV6
[2015.07.11-12.26.51:777][  0]LogInit:      CURL_VERSION_ASYNCHDNS
[2015.07.11-12.26.51:777][  0]LogInit:      CURL_VERSION_LARGEFILE
[2015.07.11-12.26.51:777][  0]LogInit:      CURL_VERSION_IDN
[2015.07.11-12.26.51:777][  0]LogInit:  CurlRequestOptions (configurable via config and command line):
[2015.07.11-12.26.51:777][  0]LogInit:  - bVerifyPeer = true  - Libcurl will verify peer certificate
[2015.07.11-12.26.51:777][  0]LogInit:  - bUseHttpProxy = false  - Libcurl will NOT use HTTP proxy
[2015.07.11-12.26.51:777][  0]LogInit:  - bDontReuseConnections = false  - Libcurl will reuse connections
[2015.07.11-12.26.51:777][  0]LogInit:  - CertBundlePath = nullptr  - Libcurl will use whatever was configured at build time.
[2015.07.11-12.26.51:825][  0]LogOnline:Warning: No default platform service specified for OnlineSubsystem
[2015.07.11-12.26.51:930][  0]LogInit: Presizing for 0 objects not considered by GC, pre-allocating 0 bytes.
[2015.07.11-12.26.51:946][  0]LogInit: Object subsystem initialized
[2015.07.11-12.26.51:948][  0]LogConsoleResponse:Warning: Skipping Unknown console variable: 'TranslucentSortAxis = (X=0.000000,Y=-1.000000,Z=0.000000)'
[2015.07.11-12.26.51:948][  0]LogConsoleResponse:Warning:   Found in ini file 'C:/Users/Rezan/Documents/GitHub/BerlinMiniJamJuly2015/MiniJamJuly2015/Saved/Config/Windows/Engine.ini', in section '[/Script/Engine.RendererSettings]'
[2015.07.11-12.26.51:948][  0]LogConsoleResponse:Warning: Skipping Unknown console variable: 'UIScaleRule = ShortestSide'
[2015.07.11-12.26.51:948][  0]LogConsoleResponse:Warning:   Found in ini file 'C:/Users/Rezan/Documents/GitHub/BerlinMiniJamJuly2015/MiniJamJuly2015/Saved/Config/Windows/Engine.ini', in section '[/Script/Engine.RendererSettings]'
[2015.07.11-12.26.51:948][  0]LogConsoleResponse:Warning: Skipping Unknown console variable: 'UIScaleCurve = (EditorCurveData=(Keys=),ExternalCurve=None)'
[2015.07.11-12.26.51:948][  0]LogConsoleResponse:Warning:   Found in ini file 'C:/Users/Rezan/Documents/GitHub/BerlinMiniJamJuly2015/MiniJamJuly2015/Saved/Config/Windows/Engine.ini', in section '[/Script/Engine.RendererSettings]'
[2015.07.11-12.26.51:949][  0]LogInit: Selected Device Profile: [Windows]
[2015.07.11-12.26.51:949][  0]LogInit: Applying CVar settings loaded from the selected device profile: [Windows]
[2015.07.11-12.26.51:973][  0]LogInit: Computer: ATIVBOOK
[2015.07.11-12.26.51:973][  0]LogInit: User: Rezan
[2015.07.11-12.26.51:973][  0]LogInit: CPU Page size=4096, Cores=2
[2015.07.11-12.26.51:973][  0]LogInit: High frequency timer resolution =2.240907 MHz
[2015.07.11-12.26.51:973][  0]LogMemory: Memory total: Physical=3.9GB (4GB approx)
[2015.07.11-12.26.51:973][  0]LogMemory: Platform Memory Stats for Windows
[2015.07.11-12.26.51:973][  0]LogMemory: Process Physical Memory: 47.77 MB used, 47.77 MB peak
[2015.07.11-12.26.51:973][  0]LogMemory: Process Virtual Memory: 24.20 MB used, 24.20 MB peak
[2015.07.11-12.26.51:973][  0]LogMemory: Physical Memory: 1365.91 MB used, 4010.80 MB total
[2015.07.11-12.26.51:973][  0]LogMemory: Virtual Memory: 291.46 MB used, 134217728.00 MB total
[2015.07.11-12.26.52:290][  0]LogTextLocalizationManager: The requested culture ('en_US') has no localization data; parent culture's ('en') localization data will be used.
[2015.07.11-12.26.52:771][  0]LogTextLocalizationManager:Warning: Loaded localization resources contain conflicting entries for (Namespace:ContentBrowser, Key:ImportAssetToolTip):
Localization Resource: (C:/Program Files/Epic Games/4.8/Engine/Content/Localization/Editor/en/Editor.locres) Source String Hash: (-630476809) Localized String: (Import to {0}...)
Localization Resource: (C:/Program Files/Epic Games/4.8/Engine/Content/Localization/Editor/en/Editor.locres) Source String Hash: (1271782899) Localized String: (Imports an asset from file to this folder.)
[2015.07.11-12.26.53:879][  0]LogD3D11RHI: Found D3D11 adapter 0: Intel(R) HD Graphics Family (Feature Level 11_0)
[2015.07.11-12.26.53:879][  0]LogD3D11RHI: Adapter has 0MB of dedicated video memory, 0MB of dedicated system memory, and 1792MB of shared system memory, 1 output[s]
[2015.07.11-12.26.53:883][  0]LogD3D11RHI: Found D3D11 adapter 1: Microsoft Basic Render Driver (Feature Level 11_0)
[2015.07.11-12.26.53:883][  0]LogD3D11RHI: Adapter has 0MB of dedicated video memory, 0MB of dedicated system memory, and 256MB of shared system memory, 0 output[s]
[2015.07.11-12.26.53:883][  0]LogD3D11RHI: Chosen D3D11 Adapter Id = 0
[2015.07.11-12.26.53:890][  0]LogRHI: Texture pool is 627 MB (70% of 896 MB)
[2015.07.11-12.26.53:903][  0]LogD3D11RHI: Async texture creation enabled
[2015.07.11-12.26.53:912][  0]LogShaderCompilers:Display: Using Local Shader Compiler.
[2015.07.11-12.26.56:896][  0]LogTemp:Display: Loaded TP DesktopTargetPlatform
[2015.07.11-12.26.56:961][  0]LogTemp:Display: Loaded TP WindowsClientTargetPlatform
[2015.07.11-12.26.57:042][  0]LogTemp:Display: Loaded TP WindowsNoEditorTargetPlatform
[2015.07.11-12.26.57:121][  0]LogTemp:Display: Loaded TP WindowsServerTargetPlatform
[2015.07.11-12.26.57:207][  0]LogTemp:Display: Loaded TP WindowsTargetPlatform
[2015.07.11-12.26.57:270][  0]LogTemp:Display: Loaded TP AndroidTargetPlatform
[2015.07.11-12.26.57:326][  0]LogTemp:Display: Loaded TP Android_ASTCTargetPlatform
[2015.07.11-12.26.57:375][  0]LogTemp:Display: Loaded TP Android_ATCTargetPlatform
[2015.07.11-12.26.57:432][  0]LogTemp:Display: Loaded TP Android_DXTTargetPlatform
[2015.07.11-12.26.57:484][  0]LogTemp:Display: Loaded TP Android_ETC1TargetPlatform
[2015.07.11-12.26.57:559][  0]LogTemp:Display: Loaded TP Android_ETC2TargetPlatform
[2015.07.11-12.26.57:617][  0]LogTemp:Display: Loaded TP Android_PVRTCTargetPlatform
[2015.07.11-12.26.57:804][  0]LogTemp:Display: Loaded TP IOSTargetPlatform
[2015.07.11-12.26.57:878][  0]LogTemp:Display: Loaded TP LinuxNoEditorTargetPlatform
[2015.07.11-12.26.57:930][  0]LogTemp:Display: Loaded TP LinuxServerTargetPlatform
[2015.07.11-12.26.57:989][  0]LogTemp:Display: Loaded TP LinuxTargetPlatform
[2015.07.11-12.26.57:989][  0]LogTargetPlatformManager:Display: Building Assets For Windows
[2015.07.11-12.26.58:996][  0]LogDerivedDataCache:Display: Max Cache Size: 512 MB
[2015.07.11-12.26.59:215][  0]LogDerivedDataCache: Loaded boot cache 0.22s 61MB C:/Users/Rezan/AppData/Local/UnrealEngine/4.8/DerivedDataCache/Boot.ddc.
[2015.07.11-12.26.59:215][  0]LogDerivedDataCache:Display: Loaded Boot cache: C:/Users/Rezan/AppData/Local/UnrealEngine/4.8/DerivedDataCache/Boot.ddc
[2015.07.11-12.26.59:215][  0]LogDerivedDataCache: FDerivedDataBackendGraph:  Pak pak cache file ../../../../../../Users/Rezan/Documents/GitHub/BerlinMiniJamJuly2015/MiniJamJuly2015/DerivedDataCache/DDC.ddp not found, will not use a pak cache.
[2015.07.11-12.26.59:215][  0]LogDerivedDataCache: Unable to find inner node Pak for hierarchical cache Hierarchy.
[2015.07.11-12.26.59:216][  0]LogDerivedDataCache: FDerivedDataBackendGraph:  CompressedPak pak cache file ../../../../../../Users/Rezan/Documents/GitHub/BerlinMiniJamJuly2015/MiniJamJuly2015/DerivedDataCache/Compressed.ddp not found, will not use a pak cache.
[2015.07.11-12.26.59:216][  0]LogDerivedDataCache: Unable to find inner node CompressedPak for hierarchical cache Hierarchy.
[2015.07.11-12.26.59:540][  0]LogDerivedDataCache:Display: Pak cache opened for reading ../../../Engine/DerivedDataCache/Compressed.ddp.
[2015.07.11-12.26.59:554][  0]LogDerivedDataCache: Using Local data cache path C:/Users/Rezan/AppData/Local/UnrealEngine/Common/DerivedDataCache: Writable
[2015.07.11-12.27.00:327][  0]LogInit: Selected Device Profile: [Windows]
[2015.07.11-12.27.00:489][  0]ImportText (ComponentSweepMultiTests): Missing closing parenthesis: (RootShapeAsset="/Engine/BasicShapes/Cube.Cube",ShapeType="TriggerCapsule",HitResult=(Time=0.50,Location=(X=-100.000015,Y=0.0,Z=100.000015),ImpactPoint=(X=-50.0,Y=0.0,Z=50.0),Normal=(X=-1.0,Y=-0.0,Z=0.0),ImpactNormal=(X=0.0,Y=0.0,Z=1.0),TraceStart=(X=-200.0,Y=0.0,Z=200.0),TraceEnd=(X=0.0,Y=0.0,Z=0.0))
[2015.07.11-12.27.00:490][  0]ImportText (LineTraceSingleByChannelTests): Missing closing parenthesis: (RootShapeAsset="/Engine/BasicShapes/Cube.Cube",HitResult=(Time=0.50,Location=(X=-100.000015,Y=0.0,Z=100.000015),ImpactPoint=(X=-50.0,Y=0.0,Z=50.0),Normal=(X=-1.0,Y=-0.0,Z=0.0),ImpactNormal=(X=0.0,Y=0.0,Z=1.0),TraceStart=(X=-200.0,Y=0.0,Z=200.0),TraceEnd=(X=0.0,Y=0.0,Z=0.0))
[2015.07.11-12.27.00:598][  0]LogMeshUtilities: No automatic mesh reduction module available
[2015.07.11-12.27.00:598][  0]LogMeshUtilities: No automatic mesh merging module available
[2015.07.11-12.27.01:402][  0]LogInit: WinSock: version 1.1 (2.2), MaxSocks=32767, MaxUdp=65467
[2015.07.11-12.27.05:370][  0]UdpMessaging: Initializing bridge on interface 0.0.0.0:0 to multicast group 230.0.0.1:6666.
[2015.07.11-12.27.07:224][  0]SourceControl: Info Source control is disabled
[2015.07.11-12.27.07:285][  0]SourceControl: Info Source control is disabled
[2015.07.11-12.27.07:344][  0]SourceControl: Info Source control is disabled
[2015.07.11-12.27.07:397][  0]SourceControl: Info Source control is disabled
[2015.07.11-12.27.08:443][  0]LogObj: 31321 objects as part of root set at end of initial load.
[2015.07.11-12.27.08:444][  0]LogUObjectAllocator: 7180960 out of 0 bytes used by permanent object pool.
[2015.07.11-12.27.08:661][  0]LogEngine: Initializing Engine...
[2015.07.11-12.27.08:689][  0]LogHMD: Can't find Oculus library dev build: is proper Runtime installed? Version: 0.6.0.0
[2015.07.11-12.27.08:720][  0]LogHMD:Warning: SteamVR failed to initialize.  Error: 110
[2015.07.11-12.27.09:116][  0]LogAIModule: Creating AISystem for world NewWorld
[2015.07.11-12.27.09:128][  0]LogInit: XAudio2 using 'Speakers (Realtek High Definition Audio)' : 2 channels at 48 kHz using 32 bits per sample (channel mask 0x3)
[2015.07.11-12.27.09:905][  0]LogInit: FAudioDevice initialized.
[2015.07.11-12.27.09:963][  0]LogDerivedDataCache: Saved boot cache 0.06s 61MB C:/Users/Rezan/AppData/Local/UnrealEngine/4.8/DerivedDataCache/Boot.ddc.
[2015.07.11-12.27.09:969][  0]LogInit: Texture streaming: Disabled
[2015.07.11-12.27.10:055][  0]LogAnalytics: Creating configured Analytics provider AnalyticsET
[2015.07.11-12.27.10:055][  0]LogAnalytics: [UEEditor.Rocket.Release] APIServer = http://et2.epicgames.com/ET2/. AppVersion = 4.8.1-2591939+++depot+UE4-Releases+4.8
[2015.07.11-12.27.10:055][  0]LogAnalytics: [UEEditor.Rocket.Release] SetUserId 12696f364a2fcd073294038bc46aadf4|dbc70d0ce94b4e84a4154b9c183a7a14|c970be8e-8256-4106-b4f6-abe17e2a89b8
[2015.07.11-12.27.10:055][  0]LogAnalytics: [UEEditor.Rocket.Release] AnalyticsET::StartSession
[2015.07.11-12.27.10:174][  0]LogInit: Transaction tracking system initialized
[2015.07.11-12.27.10:732][  0]BlueprintLog: New page: Editor Load
[2015.07.11-12.27.10:865][  0]LogAssetRegistry: FAssetRegistry took 0.0112 seconds to start up
[2015.07.11-12.27.10:866][  0]LogDirectoryWatcher:Warning: Failed to begin reading directory changes for ../../../Engine/Plugins/Experimental/CharacterAI/Content/. Error: 0
[2015.07.11-12.27.15:187][  0]LogConsoleManager:Warning: Console variable 'r.VSync' wasn't set ('GameSetting' has a lower priority than 'SystemSettingsIni')
[2015.07.11-12.27.15:188][  0]LogConsoleResponse:Display: 
[2015.07.11-12.27.16:228][  0]LogCook:Display: Done creating registry. It took  0.00s.
[2015.07.11-12.27.17:582][  0]SourceControl: Info Source control is disabled
[2015.07.11-12.27.17:582][  0]Cmd: MAP LOAD FILE="../../../../../../Users/Rezan/Documents/GitHub/BerlinMiniJamJuly2015/MiniJamJuly2015/Content/FirstPerson/Maps/FirstPersonExampleMap.umap" TEMPLATE=0 SHOWPROGRESS=1 FEATURELEVEL=3
[2015.07.11-12.27.17:583][  0]LightingResults: New page: Lighting Build
[2015.07.11-12.27.17:625][  0]MapCheck: New page: Map Check
[2015.07.11-12.27.17:625][  0]LightingResults: New page: Lighting Build
[2015.07.11-12.27.17:674][  0]LogParticles: Destroying 0 GPU particle simulations for FXSystem 0x000000B40784D940
[2015.07.11-12.27.19:641][  0]LogAIModule: Creating AISystem for world FirstPersonExampleMap
[2015.07.11-12.27.19:678][  0]LogEditorServer: Finished looking for orphan Actors (0.000 secs)
[2015.07.11-12.27.22:386][  0]Cmd: MAP CHECKDEP NOCLEARLOG
[2015.07.11-12.27.22:614][  0]MapCheck: Info Map check complete: 0 Error(s), 0 Warning(s), took 227.458ms to complete.
[2015.07.11-12.27.22:615][  0]LogFileHelpers: Loading map 'FirstPersonExampleMap' took 5.032
[2015.07.11-12.27.22:892][  0]LogCollectionManager: Loaded 0 collections in 0.005558 seconds
[2015.07.11-12.27.22:916][  0]LogContentBrowser: Native class hierarchy populated in 0.0236 seconds. Added 1798 classes and 303 folders.
[2015.07.11-12.27.23:204][  0]LogContentBrowser: Native class hierarchy updated for 'WidgetCarousel' in 0.0058 seconds. Added 0 classes and 0 folders.
[2015.07.11-12.27.23:377][  0]LogContentBrowser: Native class hierarchy updated for 'AddContentDialog' in 0.0058 seconds. Added 0 classes and 0 folders.
[2015.07.11-12.27.23:460][  0]LogContentBrowser: Native class hierarchy updated for 'SceneOutliner' in 0.0060 seconds. Added 1 classes and 2 folders.
[2015.07.11-12.27.23:567][  0]LogCrashTracker: Crashtracker disabled due to settings.
[2015.07.11-12.27.23:578][  0]LogUObjectGlobals:Warning: Failed to find object 'Class None.'
[2015.07.11-12.27.23:602][  0]LogLoad: Full Startup: 36.00 seconds (BP compile: 0.44 seconds)
[2015.07.11-12.27.24:051][  0]LogContentStreaming: Texture pool size is 0.000000MB
[2015.07.11-12.27.24:128][  0]LogContentStreaming: Texture pool size now 200 MB
[2015.07.11-12.27.24:482][  0]LogRenderer: Reallocating scene render targets to support 1208x600 (Frame:2).
[2015.07.11-12.27.28:339][ 13]LogAssetRegistry: Asset discovery search completed in 17.4841 seconds
[2015.07.11-12.27.59:369][478]LogLinker:Warning: Asset '../../../Engine/Content/ArtTools/RenderToTexture/Macros/RenderToTextureMacros.uasset' has been saved with empty engine version. The asset will be loaded but may be incompatible.
[2015.07.11-12.27.59:488][478]LogLinker:Warning: Asset '../../../Engine/Content/ArtTools/RenderToTexture/Enums/RenderToTexture_Enum.uasset' has been saved with empty engine version. The asset will be loaded but may be incompatible.
[2015.07.11-12.28.13:137][633]BlueprintLog: New page: Compile WormController
[2015.07.11-12.28.13:351][633]LogActorComponent: UnregisterComponent: (/Engine/Transient.CharMoveComp) Not registered. Aborting.
[2015.07.11-12.28.13:502][633]LogParticles: Destroying 0 GPU particle simulations for FXSystem 0x000000B407B544A0
[2015.07.11-12.28.13:686][633]BlueprintEditorCompileResults: Info [0086.08] Compile of WormController successful! [in 548 ms]
[2015.07.11-12.28.27:003][811]Cmd: OBJ SAVEPACKAGE PACKAGE="/Game/WormBlackboard" FILE="../../../../../../Users/Rezan/Documents/GitHub/BerlinMiniJamJuly2015/MiniJamJuly2015/Content/WormBlackboard.uasset" SILENT=true
[2015.07.11-12.28.27:028][811]LogSavePackage: Save=6.612501ms
[2015.07.11-12.28.27:028][811]LogSavePackage: Moving '../../../../../../Users/Rezan/Documents/GitHub/BerlinMiniJamJuly2015/MiniJamJuly2015/Saved/WormBlackboard7DE819C142A5465C20A91F811246A4E7.tmp' to '../../../../../../Users/Rezan/Documents/GitHub/BerlinMiniJamJuly2015/MiniJamJuly2015/Content/WormBlackboard.uasset'
[2015.07.11-12.28.36:475][947]LogActorComponent: UnregisterComponent: (/Engine/Transient.CharMoveComp) Not registered. Aborting.
[2015.07.11-12.28.36:621][947]LogParticles: Destroying 0 GPU particle simulations for FXSystem 0x000000B4369DCE00
[2015.07.11-12.28.42:370][998]LogActorComponent: UnregisterComponent: (/Engine/Transient.CharMoveComp) Not registered. Aborting.
[2015.07.11-12.29.03:787][295]LogActorComponent: UnregisterComponent: (/Engine/Transient.CharMoveComp) Not registered. Aborting.
[2015.07.11-12.29.03:895][295]LogParticles: Destroying 0 GPU particle simulations for FXSystem 0x000000B40D491440
[2015.07.11-12.29.14:802][295]LogSavePackage: Save=10191.166992ms
[2015.07.11-12.29.14:803][295]LogSavePackage: Moving '../../../../../../Users/Rezan/Documents/GitHub/BerlinMiniJamJuly2015/MiniJamJuly2015/Saved/FirstPersonExampleMapBCD3A407474118A0996E5996883734F5.tmp' to '../../../../../../Users/Rezan/Documents/GitHub/BerlinMiniJamJuly2015/MiniJamJuly2015/Content/FirstPerson/Maps/FirstPersonExampleMap.umap'
[2015.07.11-12.29.14:883][295]LogFileHelpers: Saving map 'FirstPersonExampleMap' took 10.950
[2015.07.11-12.29.26:788][478]Cmd: OBJ SAVEPACKAGE PACKAGE="/Game/WormBehaviourTree" FILE="../../../../../../Users/Rezan/Documents/GitHub/BerlinMiniJamJuly2015/MiniJamJuly2015/Content/WormBehaviourTree.uasset" SILENT=true
[2015.07.11-12.29.26:817][478]LogSavePackage: Save=10.334208ms
[2015.07.11-12.29.26:817][478]LogSavePackage: Moving '../../../../../../Users/Rezan/Documents/GitHub/BerlinMiniJamJuly2015/MiniJamJuly2015/Saved/WormBehaviourTree632110C44A783157C5D642920028CD97.tmp' to '../../../../../../Users/Rezan/Documents/GitHub/BerlinMiniJamJuly2015/MiniJamJuly2015/Content/WormBehaviourTree.uasset'
[2015.07.11-12.29.27:766][491]LogActorComponent: UnregisterComponent: (/Engine/Transient.CharMoveComp) Not registered. Aborting.
[2015.07.11-12.29.31:798][545]LogPlayLevel: PIE:  No blueprints needed recompiling
[2015.07.11-12.29.31:822][545]PIE: New page: PIE session: FirstPersonExampleMap (Jul 11, 2015, 4:29:31 PM)
[2015.07.11-12.29.31:823][545]LogPlayLevel: Creating play world package: /Game/FirstPerson/Maps/UEDPIE_0_FirstPersonExampleMap
[2015.07.11-12.29.31:908][545]LogPlayLevel: PIE: StaticDuplicateObject took: (0.084702s)
[2015.07.11-12.29.31:911][545]LogAIModule: Creating AISystem for world FirstPersonExampleMap
[2015.07.11-12.29.31:914][545]LogPlayLevel: PIE: World Init took: (0.005783s)
[2015.07.11-12.29.31:915][545]LogPlayLevel: PIE: Created PIE world by copying editor world from /Game/FirstPerson/Maps/FirstPersonExampleMap.FirstPersonExampleMap to /Game/FirstPerson/Maps/UEDPIE_0_FirstPersonExampleMap.FirstPersonExampleMap (0.092500s)
[2015.07.11-12.29.32:012][545]LogInit: XAudio2 using 'Speakers (Realtek High Definition Audio)' : 2 channels at 48 kHz using 32 bits per sample (channel mask 0x3)
[2015.07.11-12.29.32:032][545]LogInit: FAudioDevice initialized.
[2015.07.11-12.29.32:166][545]LogWorld: Game class is 'MiniJamJuly2015GameMode'
[2015.07.11-12.29.32:203][545]LogWorld:Warning: *** WARNING - PATHS MAY NOT BE VALID ***
[2015.07.11-12.29.32:203][545]LogWorld: Bringing World /Game/FirstPerson/Maps/UEDPIE_0_FirstPersonExampleMap.FirstPersonExampleMap up for play (max tick rate 60) at 2015.07.11-14.29.32
[2015.07.11-12.29.32:203][545]LogActor:Warning: GameSession /Game/FirstPerson/Maps/UEDPIE_0_FirstPersonExampleMap.FirstPersonExampleMap:PersistentLevel.GameSession_0 has natively added scene component(s), but none of them were set as the actor's RootComponent - picking one arbitrarily
[2015.07.11-12.29.32:204][545]LogActor:Warning: GameNetworkManager /Game/FirstPerson/Maps/UEDPIE_0_FirstPersonExampleMap.FirstPersonExampleMap:PersistentLevel.GameNetworkManager_0 has natively added scene component(s), but none of them were set as the actor's RootComponent - picking one arbitrarily
[2015.07.11-12.29.32:208][545]LogWorld: Bringing up level for play took: 0.038364
[2015.07.11-12.29.32:215][545]PIE: Info Play in editor start time for /Game/FirstPerson/Maps/UEDPIE_0_FirstPersonExampleMap 0.543
[2015.07.11-12.29.40:716][766]LogParticles: Destroying 0 GPU particle simulations for FXSystem 0x000000B478A49DA0
[2015.07.11-12.31.03:527][836]LogActorComponent: UnregisterComponent: (/Engine/Transient.CharMoveComp) Not registered. Aborting.
[2015.07.11-12.31.06:295][867]LogActorComponent: UnregisterComponent: (/Engine/Transient.CharacterMovementComponent_0) Not registered. Aborting.
[2015.07.11-12.31.08:454][893]LogActorComponent: UnregisterComponent: (/Engine/Transient.CharacterMovementComponent_1) Not registered. Aborting.
[2015.07.11-12.31.08:529][893]LogParticles: Destroying 0 GPU particle simulations for FXSystem 0x000000B439C8A480
[2015.07.11-12.31.19:532][893]LogSavePackage: Save=10230.541016ms
[2015.07.11-12.31.19:532][893]LogSavePackage: Moving '../../../../../../Users/Rezan/Documents/GitHub/BerlinMiniJamJuly2015/MiniJamJuly2015/Saved/FirstPersonExampleMapE73C5DB7405A6C87512C3184010EF663.tmp' to '../../../../../../Users/Rezan/Documents/GitHub/BerlinMiniJamJuly2015/MiniJamJuly2015/Content/FirstPerson/Maps/FirstPersonExampleMap.umap'
[2015.07.11-12.31.19:780][893]LogFileHelpers: Saving map 'FirstPersonExampleMap' took 11.177
[2015.07.11-12.31.19:828][893]Cmd: OBJ SAVEPACKAGE PACKAGE="/Game/WormCharacter" FILE="../../../../../../Users/Rezan/Documents/GitHub/BerlinMiniJamJuly2015/MiniJamJuly2015/Content/WormCharacter.uasset" SILENT=true
[2015.07.11-12.31.19:893][893]LogSavePackage: Save=46.873878ms
[2015.07.11-12.31.19:893][893]LogSavePackage: Moving '../../../../../../Users/Rezan/Documents/GitHub/BerlinMiniJamJuly2015/MiniJamJuly2015/Saved/WormCharacterA7E9B3FE43EAD14F774C1ABB07A98CC2.tmp' to '../../../../../../Users/Rezan/Documents/GitHub/BerlinMiniJamJuly2015/MiniJamJuly2015/Content/WormCharacter.uasset'
[2015.07.11-12.31.20:606][907]BlueprintLog: New page: Compile WormCharacter
[2015.07.11-12.31.21:090][907]LogActorComponent: UnregisterComponent: (/Engine/Transient.CharMoveComp) Not registered. Aborting.
[2015.07.11-12.31.21:210][907]BlueprintEditorCompileResults: Info [0273.61] Compile of WormCharacter successful! [in 604 ms]
[2015.07.11-12.31.23:616][941]LogActorComponent: UnregisterComponent: (/Engine/Transient.CharMoveComp) Not registered. Aborting.
[2015.07.11-12.31.33:968][941]LogSavePackage: Save=9621.364258ms
[2015.07.11-12.31.33:968][941]LogSavePackage: Moving '../../../../../../Users/Rezan/Documents/GitHub/BerlinMiniJamJuly2015/MiniJamJuly2015/Saved/FirstPersonExampleMap0CE5E7BA45E9A20E262C9B91F6BD1753.tmp' to '../../../../../../Users/Rezan/Documents/GitHub/BerlinMiniJamJuly2015/MiniJamJuly2015/Content/FirstPerson/Maps/FirstPersonExampleMap.umap'
[2015.07.11-12.31.33:971][941]LogFileManager:Warning: DeleteFile was unable to delete '../../../../../../Users/Rezan/Documents/GitHub/BerlinMiniJamJuly2015/MiniJamJuly2015/Content/FirstPerson/Maps/FirstPersonExampleMap.umap', retrying in .5s...
[2015.07.11-12.31.34:476][941]LogFileManager:Warning: DeleteFile recovered during retry!
[2015.07.11-12.31.34:550][941]LogFileHelpers: Saving map 'FirstPersonExampleMap' took 10.779
[2015.07.11-12.31.44:970][113]LogPlayLevel: PIE:  No blueprints needed recompiling
[2015.07.11-12.31.44:970][113]PIE: New page: PIE session: FirstPersonExampleMap (Jul 11, 2015, 4:31:44 PM)
[2015.07.11-12.31.44:971][113]LogPlayLevel: Creating play world package: /Game/FirstPerson/Maps/UEDPIE_0_FirstPersonExampleMap
[2015.07.11-12.31.45:039][113]LogPlayLevel: PIE: StaticDuplicateObject took: (0.068496s)
[2015.07.11-12.31.45:047][113]LogAIModule: Creating AISystem for world FirstPersonExampleMap
[2015.07.11-12.31.45:049][113]LogPlayLevel: PIE: World Init took: (0.010048s)
[2015.07.11-12.31.45:050][113]LogPlayLevel: PIE: Created PIE world by copying editor world from /Game/FirstPerson/Maps/FirstPersonExampleMap.FirstPersonExampleMap to /Game/FirstPerson/Maps/UEDPIE_0_FirstPersonExampleMap.FirstPersonExampleMap (0.079065s)
[2015.07.11-12.31.45:050][113]LogActorComponent: UnregisterComponent: (/Engine/Transient.CharMoveComp) Not registered. Aborting.
[2015.07.11-12.31.45:165][113]LogParticles: Destroying 0 GPU particle simulations for FXSystem 0x000000B4798F31A0
[2015.07.11-12.31.45:194][113]LogInit: XAudio2 using 'Speakers (Realtek High Definition Audio)' : 2 channels at 48 kHz using 32 bits per sample (channel mask 0x3)
[2015.07.11-12.31.45:224][113]LogInit: FAudioDevice initialized.
[2015.07.11-12.31.45:340][113]LogWorld: Game class is 'MiniJamJuly2015GameMode'
[2015.07.11-12.31.45:391][113]LogWorld:Warning: *** WARNING - PATHS MAY NOT BE VALID ***
[2015.07.11-12.31.45:391][113]LogWorld: Bringing World /Game/FirstPerson/Maps/UEDPIE_0_FirstPersonExampleMap.FirstPersonExampleMap up for play (max tick rate 60) at 2015.07.11-14.31.45
[2015.07.11-12.31.45:391][113]LogActor:Warning: GameSession /Game/FirstPerson/Maps/UEDPIE_0_FirstPersonExampleMap.FirstPersonExampleMap:PersistentLevel.GameSession_1 has natively added scene component(s), but none of them were set as the actor's RootComponent - picking one arbitrarily
[2015.07.11-12.31.45:392][113]LogActor:Warning: GameNetworkManager /Game/FirstPerson/Maps/UEDPIE_0_FirstPersonExampleMap.FirstPersonExampleMap:PersistentLevel.GameNetworkManager_1 has natively added scene component(s), but none of them were set as the actor's RootComponent - picking one arbitrarily
[2015.07.11-12.31.45:396][113]LogWorld: Bringing up level for play took: 0.052204
[2015.07.11-12.31.45:402][113]PIE: Info Play in editor start time for /Game/FirstPerson/Maps/UEDPIE_0_FirstPersonExampleMap -0.27
[2015.07.11-12.32.06:510][663]LogCharacterMovement: FirstPersonCharacter_C_0 is stuck and failed to move!
[2015.07.11-12.32.06:540][664]LogCharacterMovement: FirstPersonCharacter_C_0 is stuck and failed to move!
[2015.07.11-12.32.06:565][665]LogCharacterMovement: FirstPersonCharacter_C_0 is stuck and failed to move!
[2015.07.11-12.32.11:705][791]LogParticles: Destroying 0 GPU particle simulations for FXSystem 0x000000B478C89800
[2015.07.11-12.32.33:160][ 86]LogActorComponent: UnregisterComponent: (/Engine/Transient.CharMoveComp) Not registered. Aborting.
[2015.07.11-12.33.08:148][559]LogActorComponent: UnregisterComponent: (/Engine/Transient.CharacterMovementComponent_2) Not registered. Aborting.
[2015.07.11-12.33.09:656][575]BlueprintLog: New page: Compile WormCharacter
[2015.07.11-12.33.10:037][575]LogActorComponent: UnregisterComponent: (/Engine/Transient.CharacterMovementComponent_3) Not registered. Aborting.
[2015.07.11-12.33.10:172][575]BlueprintEditorCompileResults: Info [0382.57] Compile of WormCharacter successful! [in 515 ms]
[2015.07.11-12.33.10:845][584]LogActorComponent: UnregisterComponent: (/Engine/Transient.CharMoveComp) Not registered. Aborting.
[2015.07.11-12.33.21:881][584]LogSavePackage: Save=10365.743164ms
[2015.07.11-12.33.21:881][584]LogSavePackage: Moving '../../../../../../Users/Rezan/Documents/GitHub/BerlinMiniJamJuly2015/MiniJamJuly2015/Saved/FirstPersonExampleMap5668654A489E59545890D7ACD6160782.tmp' to '../../../../../../Users/Rezan/Documents/GitHub/BerlinMiniJamJuly2015/MiniJamJuly2015/Content/FirstPerson/Maps/FirstPersonExampleMap.umap'
[2015.07.11-12.33.22:096][584]LogFileHelpers: Saving map 'FirstPersonExampleMap' took 11.115
[2015.07.11-12.33.22:138][584]Cmd: OBJ SAVEPACKAGE PACKAGE="/Game/WormCharacter" FILE="../../../../../../Users/Rezan/Documents/GitHub/BerlinMiniJamJuly2015/MiniJamJuly2015/Content/WormCharacter.uasset" SILENT=true
[2015.07.11-12.33.22:194][584]LogSavePackage: Save=41.413589ms
[2015.07.11-12.33.22:194][584]LogSavePackage: Moving '../../../../../../Users/Rezan/Documents/GitHub/BerlinMiniJamJuly2015/MiniJamJuly2015/Saved/WormCharacterFA0864FA4BAB66100DABD3AD44F3DD8A.tmp' to '../../../../../../Users/Rezan/Documents/GitHub/BerlinMiniJamJuly2015/MiniJamJuly2015/Content/WormCharacter.uasset'
[2015.07.11-12.33.24:812][626]LogPlayLevel: PIE:  No blueprints needed recompiling
[2015.07.11-12.33.24:812][626]PIE: New page: PIE session: FirstPersonExampleMap (Jul 11, 2015, 4:33:24 PM)
[2015.07.11-12.33.24:813][626]LogPlayLevel: Creating play world package: /Game/FirstPerson/Maps/UEDPIE_0_FirstPersonExampleMap
[2015.07.11-12.33.24:884][626]LogPlayLevel: PIE: StaticDuplicateObject took: (0.070510s)
[2015.07.11-12.33.24:887][626]LogAIModule: Creating AISystem for world FirstPersonExampleMap
[2015.07.11-12.33.24:890][626]LogPlayLevel: PIE: World Init took: (0.005574s)
[2015.07.11-12.33.24:890][626]LogPlayLevel: PIE: Created PIE world by copying editor world from /Game/FirstPerson/Maps/FirstPersonExampleMap.FirstPersonExampleMap to /Game/FirstPerson/Maps/UEDPIE_0_FirstPersonExampleMap.FirstPersonExampleMap (0.076685s)
[2015.07.11-12.33.24:890][626]LogActorComponent: UnregisterComponent: (/Engine/Transient.CharMoveComp) Not registered. Aborting.
[2015.07.11-12.33.25:052][626]LogParticles: Destroying 0 GPU particle simulations for FXSystem 0x000000B4348DF2E0
[2015.07.11-12.33.25:052][626]LogInit: XAudio2 using 'Speakers (Realtek High Definition Audio)' : 2 channels at 48 kHz using 32 bits per sample (channel mask 0x3)
[2015.07.11-12.33.25:074][626]LogInit: FAudioDevice initialized.
[2015.07.11-12.33.25:127][626]LogWorld: Game class is 'MiniJamJuly2015GameMode'
[2015.07.11-12.33.25:181][626]LogWorld:Warning: *** WARNING - PATHS MAY NOT BE VALID ***
[2015.07.11-12.33.25:181][626]LogWorld: Bringing World /Game/FirstPerson/Maps/UEDPIE_0_FirstPersonExampleMap.FirstPersonExampleMap up for play (max tick rate 60) at 2015.07.11-14.33.25
[2015.07.11-12.33.25:181][626]LogActor:Warning: GameSession /Game/FirstPerson/Maps/UEDPIE_0_FirstPersonExampleMap.FirstPersonExampleMap:PersistentLevel.GameSession_2 has natively added scene component(s), but none of them were set as the actor's RootComponent - picking one arbitrarily
[2015.07.11-12.33.25:183][626]LogActor:Warning: GameNetworkManager /Game/FirstPerson/Maps/UEDPIE_0_FirstPersonExampleMap.FirstPersonExampleMap:PersistentLevel.GameNetworkManager_2 has natively added scene component(s), but none of them were set as the actor's RootComponent - picking one arbitrarily
[2015.07.11-12.33.25:186][626]LogWorld: Bringing up level for play took: 0.055467
[2015.07.11-12.33.25:192][626]PIE: Info Play in editor start time for /Game/FirstPerson/Maps/UEDPIE_0_FirstPersonExampleMap -0.48
[2015.07.11-12.33.45:412][205]LogParticles: Destroying 0 GPU particle simulations for FXSystem 0x000000B430A44720
[2015.07.11-12.33.54:313][313]LogActorComponent: UnregisterComponent: (/Engine/Transient.CharMoveComp) Not registered. Aborting.
[2015.07.11-12.33.57:116][355]LogActorComponent: UnregisterComponent: (/Engine/Transient.CharacterMovementComponent_4) Not registered. Aborting.
[2015.07.11-12.33.58:284][374]LogActorComponent: UnregisterComponent: (/Engine/Transient.CharacterMovementComponent_5) Not registered. Aborting.
[2015.07.11-12.33.58:506][374]Cmd: OBJ SAVEPACKAGE PACKAGE="/Game/WormCharacter" FILE="../../../../../../Users/Rezan/Documents/GitHub/BerlinMiniJamJuly2015/MiniJamJuly2015/Content/WormCharacter.uasset" SILENT=true
[2015.07.11-12.33.58:652][374]LogSavePackage: Save=129.116470ms
[2015.07.11-12.33.58:652][374]LogSavePackage: Moving '../../../../../../Users/Rezan/Documents/GitHub/BerlinMiniJamJuly2015/MiniJamJuly2015/Saved/WormCharacter5CA0D95B4103193BB0E0019E77E38A31.tmp' to '../../../../../../Users/Rezan/Documents/GitHub/BerlinMiniJamJuly2015/MiniJamJuly2015/Content/WormCharacter.uasset'
[2015.07.11-12.33.59:804][391]BlueprintLog: New page: Compile WormCharacter
[2015.07.11-12.34.00:294][391]LogActorComponent: UnregisterComponent: (/Engine/Transient.CharMoveComp) Not registered. Aborting.
[2015.07.11-12.34.00:446][391]BlueprintEditorCompileResults: Info [0432.84] Compile of WormCharacter successful! [in 642 ms]
[2015.07.11-12.34.01:428][406]LogActorComponent: UnregisterComponent: (/Engine/Transient.CharMoveComp) Not registered. Aborting.
[2015.07.11-12.34.12:226][406]LogSavePackage: Save=9947.244141ms
[2015.07.11-12.34.12:226][406]LogSavePackage: Moving '../../../../../../Users/Rezan/Documents/GitHub/BerlinMiniJamJuly2015/MiniJamJuly2015/Saved/FirstPersonExampleMap5414969D48ED280F2F1413B17A25EC50.tmp' to '../../../../../../Users/Rezan/Documents/GitHub/BerlinMiniJamJuly2015/MiniJamJuly2015/Content/FirstPerson/Maps/FirstPersonExampleMap.umap'
[2015.07.11-12.34.12:302][406]LogFileHelpers: Saving map 'FirstPersonExampleMap' took 10.675
[2015.07.11-12.34.59:125][890]LogActorComponent: UnregisterComponent: (/Engine/Transient.CharMoveComp) Not registered. Aborting.
[2015.07.11-12.34.59:251][890]LogParticles: Destroying 0 GPU particle simulations for FXSystem 0x000000B4792323E0
[2015.07.11-12.34.59:427][890]LogParticles: Destroying 0 GPU particle simulations for FXSystem 0x000000B4361C4AE0
[2015.07.11-12.35.12:829][ 94]LogWindowsTextInputMethodSystem:Display: IME system now deactivated.
[2015.07.11-12.35.13:605][ 95]Cmd: QUIT_EDITOR
[2015.07.11-12.35.15:564][ 95]LogExit: Preparing to exit.
[2015.07.11-12.35.16:096][ 95]LogExit: Editor shut down
[2015.07.11-12.35.16:096][ 95]LogExit: Transaction tracking system shut down
[2015.07.11-12.35.16:101][ 95]LogParticles: Destroying 0 GPU particle simulations for FXSystem 0x000000B47603F6A0
[2015.07.11-12.35.16:101][ 95]LogParticles: Destroying 0 GPU particle simulations for FXSystem 0x000000B4317BEAC0
[2015.07.11-12.35.16:109][ 95]LogParticles: Destroying 0 GPU particle simulations for FXSystem 0x000000B436C22480
[2015.07.11-12.35.16:112][ 95]LogParticles: Destroying 0 GPU particle simulations for FXSystem 0x000000B436C236A0
[2015.07.11-12.35.16:112][ 95]LogParticles: Destroying 0 GPU particle simulations for FXSystem 0x000000B407B54AE0
[2015.07.11-12.35.16:832][ 95]LogExit: Object subsystem successfully closed.
[2015.07.11-12.35.17:087][ 95]LogModuleManager: Shutting down and abandoning module CrashTracker (189)
[2015.07.11-12.35.17:087][ 95]LogModuleManager: Shutting down and abandoning module SceneOutliner (188)
[2015.07.11-12.35.17:087][ 95]LogModuleManager: Shutting down and abandoning module SuperSearch (187)
[2015.07.11-12.35.17:087][ 95]LogModuleManager: Shutting down and abandoning module WidgetCarousel (186)
[2015.07.11-12.35.17:087][ 95]LogModuleManager: Shutting down and abandoning module AddContentDialog (185)
[2015.07.11-12.35.17:089][ 95]LogModuleManager: Shutting down and abandoning module EditorWidgets (184)
[2015.07.11-12.35.17:089][ 95]LogModuleManager: Shutting down and abandoning module CollectionManager (183)
[2015.07.11-12.35.17:089][ 95]LogModuleManager: Shutting down and abandoning module StatsViewer (182)
[2015.07.11-12.35.17:089][ 95]LogModuleManager: Shutting down and abandoning module FoliageEdit (181)
[2015.07.11-12.35.17:089][ 95]LogModuleManager: Shutting down and abandoning module LandscapeEditor (180)
[2015.07.11-12.35.17:090][ 95]LogModuleManager: Shutting down and abandoning module ActorPickerMode (179)
[2015.07.11-12.35.17:090][ 95]LogModuleManager: Shutting down and abandoning module GeometryMode (178)
[2015.07.11-12.35.17:090][ 95]LogModuleManager: Shutting down and abandoning module TextureAlignMode (177)
[2015.07.11-12.35.17:090][ 95]LogModuleManager: Shutting down and abandoning module BspMode (176)
[2015.07.11-12.35.17:090][ 95]LogModuleManager: Shutting down and abandoning module PlacementMode (175)
[2015.07.11-12.35.17:090][ 95]LogModuleManager: Shutting down and abandoning module AutomationWorker (174)
[2015.07.11-12.35.17:090][ 95]LogModuleManager: Shutting down and abandoning module CharacterAI (173)
[2015.07.11-12.35.17:090][ 95]LogModuleManager: Shutting down and abandoning module SmartSnapping (172)
[2015.07.11-12.35.17:090][ 95]LogModuleManager: Shutting down and abandoning module ViewportSnapping (171)
[2015.07.11-12.35.17:090][ 95]LogModuleManager: Shutting down and abandoning module LogVisualizer (170)
[2015.07.11-12.35.17:090][ 95]LogModuleManager: Shutting down and abandoning module GameProjectGeneration (169)
[2015.07.11-12.35.17:091][ 95]LogModuleManager: Shutting down and abandoning module IntroTutorials (168)
[2015.07.11-12.35.17:091][ 95]LogModuleManager: Shutting down and abandoning module EditorLiveStreaming (167)
[2015.07.11-12.35.17:091][ 95]LogModuleManager: Shutting down and abandoning module IOSPlatformEditor (166)
[2015.07.11-12.35.17:091][ 95]LogModuleManager: Shutting down and abandoning module HTML5PlatformEditor (165)
[2015.07.11-12.35.17:091][ 95]LogModuleManager: Shutting down and abandoning module AndroidDeviceDetection (164)
[2015.07.11-12.35.17:651][ 95]LogModuleManager: Shutting down and abandoning module AndroidPlatformEditor (163)
[2015.07.11-12.35.17:651][ 95]LogModuleManager: Shutting down and abandoning module IOSRuntimeSettings (162)
[2015.07.11-12.35.17:651][ 95]LogModuleManager: Shutting down and abandoning module AndroidRuntimeSettings (161)
[2015.07.11-12.35.17:651][ 95]LogModuleManager: Shutting down and abandoning module MergeActors (160)
[2015.07.11-12.35.17:651][ 95]LogModuleManager: Shutting down and abandoning module SizeMap (159)
[2015.07.11-12.35.17:651][ 95]LogModuleManager: Shutting down and abandoning module TreeMap (158)
[2015.07.11-12.35.17:651][ 95]LogModuleManager: Shutting down and abandoning module ReferenceViewer (157)
[2015.07.11-12.35.17:651][ 95]LogModuleManager: Shutting down and abandoning module LocalizationDashboard (156)
[2015.07.11-12.35.17:651][ 95]LogModuleManager: Shutting down and abandoning module HardwareTargeting (155)
[2015.07.11-12.35.17:651][ 95]LogModuleManager: Shutting down and abandoning module DeviceProfileEditor (154)
[2015.07.11-12.35.17:651][ 95]LogModuleManager: Shutting down and abandoning module UndoHistory (153)
[2015.07.11-12.35.17:651][ 95]LogModuleManager: Shutting down and abandoning module GameplayTagsEditor (152)
[2015.07.11-12.35.17:651][ 95]LogModuleManager: Shutting down and abandoning module UserFeedback (151)
[2015.07.11-12.35.17:651][ 95]LogModuleManager: Shutting down and abandoning module XmlParser (150)
[2015.07.11-12.35.17:651][ 95]LogModuleManager: Shutting down and abandoning module Blutility (149)
[2015.07.11-12.35.17:651][ 95]LogModuleManager: Shutting down and abandoning module ProjectTargetPlatformEditor (148)
[2015.07.11-12.35.17:651][ 95]LogModuleManager: Shutting down and abandoning module ProjectSettingsViewer (147)
[2015.07.11-12.35.17:652][ 95]LogModuleManager: Shutting down and abandoning module InputBindingEditor (146)
[2015.07.11-12.35.17:652][ 95]LogModuleManager: Shutting down and abandoning module EditorSettingsViewer (145)
[2015.07.11-12.35.17:652][ 95]LogModuleManager: Shutting down and abandoning module SettingsEditor (144)
[2015.07.11-12.35.17:652][ 95]LogModuleManager: Shutting down and abandoning module ProjectLauncher (143)
[2015.07.11-12.35.17:652][ 95]LogModuleManager: Shutting down and abandoning module SessionFrontend (142)
[2015.07.11-12.35.17:652][ 95]LogModuleManager: Shutting down and abandoning module ProfilerClient (141)
[2015.07.11-12.35.17:652][ 95]LogModuleManager: Shutting down and abandoning module TargetDeviceServices (140)
[2015.07.11-12.35.17:652][ 95]LogModuleManager: Shutting down and abandoning module DeviceManager (139)
[2015.07.11-12.35.17:653][ 95]LogModuleManager: Shutting down and abandoning module AutomationController (138)
[2015.07.11-12.35.17:653][ 95]LogModuleManager: Shutting down and abandoning module AutomationWindow (137)
[2015.07.11-12.35.17:653][ 95]LogModuleManager: Shutting down and abandoning module Layers (136)
[2015.07.11-12.35.17:653][ 95]LogModuleManager: Shutting down and abandoning module ComponentVisualizers (135)
[2015.07.11-12.35.17:653][ 95]LogModuleManager: Shutting down and abandoning module DetailCustomizations (134)
[2015.07.11-12.35.17:653][ 95]LogModuleManager: Shutting down and abandoning module PackagesDialog (133)
[2015.07.11-12.35.17:653][ 95]LogModuleManager: Shutting down and abandoning module AssetRegistry (132)
[2015.07.11-12.35.17:824][ 95]LogModuleManager: Shutting down and abandoning module Persona (131)
[2015.07.11-12.35.17:825][ 95]LogModuleManager: Shutting down and abandoning module Kismet (130)
[2015.07.11-12.35.17:825][ 95]LogModuleManager: Shutting down and abandoning module GraphEditor (129)
[2015.07.11-12.35.17:825][ 95]LogModuleManager: Shutting down and abandoning module ClassViewer (128)
[2015.07.11-12.35.17:829][ 95]LogModuleManager: Shutting down and abandoning module Toolbox (127)
[2015.07.11-12.35.17:830][ 95]LogModuleManager: Shutting down and abandoning module ModuleUI (126)
[2015.07.11-12.35.17:830][ 95]LogModuleManager: Shutting down and abandoning module MovieSceneTools (125)
[2015.07.11-12.35.17:830][ 95]LogModuleManager: Shutting down and abandoning module OutputLog (124)
[2015.07.11-12.35.17:830][ 95]LogModuleManager: Shutting down and abandoning module GammaUI (123)
[2015.07.11-12.35.17:830][ 95]LogModuleManager: Shutting down and abandoning module Documentation (122)
[2015.07.11-12.35.17:830][ 95]LogModuleManager: Shutting down and abandoning module GameLiveStreaming (121)
[2015.07.11-12.35.17:830][ 95]LogModuleManager: Shutting down and abandoning module StreamingPauseRendering (120)
[2015.07.11-12.35.17:830][ 95]LogModuleManager: Shutting down and abandoning module AnalyticsET (119)
[2015.07.11-12.35.17:830][ 95]LogModuleManager: Shutting down and abandoning module Analytics (118)
[2015.07.11-12.35.17:830][ 95]LogModuleManager: Shutting down and abandoning module AITestSuite (117)
[2015.07.11-12.35.17:831][ 95]LogModuleManager: Shutting down and abandoning module GameplayDebugger (116)
[2015.07.11-12.35.17:831][ 95]LogModuleManager: Shutting down and abandoning module AIModule (115)
[2015.07.11-12.35.17:831][ 95]LogModuleManager: Shutting down and abandoning module ProfilerService (114)
[2015.07.11-12.35.17:943][ 95]LogModuleManager: Shutting down and abandoning module TaskGraph (113)
[2015.07.11-12.35.17:943][ 95]LogModuleManager: Shutting down and abandoning module SlateRemote (112)
[2015.07.11-12.35.17:943][ 95]LogModuleManager: Shutting down and abandoning module SteamVRController (111)
[2015.07.11-12.35.17:943][ 95]LogModuleManager: Shutting down and abandoning module SteamVR (110)
[2015.07.11-12.35.17:943][ 95]LogModuleManager: Shutting down and abandoning module ProceduralMeshComponent (109)
[2015.07.11-12.35.17:943][ 95]LogModuleManager: Shutting down and abandoning module OculusRift (108)
[2015.07.11-12.35.17:943][ 95]LogModuleManager: Shutting down and abandoning module LeapMotionController (107)
[2015.07.11-12.35.17:974][ 95]LogModuleManager: Shutting down and abandoning module CustomMeshComponent (106)
[2015.07.11-12.35.17:974][ 95]LogModuleManager: Shutting down and abandoning module CableComponent (105)
[2015.07.11-12.35.17:974][ 95]LogModuleManager: Shutting down and abandoning module MessagingDebugger (104)
[2015.07.11-12.35.17:974][ 95]LogModuleManager: Shutting down and abandoning module MediaPlayerEditor (103)
[2015.07.11-12.35.17:974][ 95]LogModuleManager: Shutting down and abandoning module SpeedTreeImporter (102)
[2015.07.11-12.35.17:974][ 95]LogModuleManager: Shutting down and abandoning module PluginBrowser (101)
[2015.07.11-12.35.17:975][ 95]LogModuleManager: Shutting down and abandoning module EpicSurvey (100)
[2015.07.11-12.35.17:975][ 95]LogModuleManager: Shutting down and abandoning module DesktopPlatform (99)
[2015.07.11-12.35.17:975][ 95]LogModuleManager: Shutting down and abandoning module VisualStudioSourceCodeAccess (98)
[2015.07.11-12.35.17:975][ 95]LogModuleManager: Shutting down and abandoning module UObjectPlugin (97)
[2015.07.11-12.35.17:975][ 95]LogModuleManager: Shutting down and abandoning module SubversionSourceControl (96)
[2015.07.11-12.35.17:975][ 95]LogModuleManager: Shutting down and abandoning module PerforceSourceControl (95)
[2015.07.11-12.35.17:975][ 95]LogModuleManager: Shutting down and abandoning module SourceControl (94)
[2015.07.11-12.35.17:975][ 95]LogModuleManager: Shutting down and abandoning module GitSourceControl (93)
[2015.07.11-12.35.17:975][ 95]LogModuleManager: Shutting down and abandoning module BlankPlugin (92)
[2015.07.11-12.35.17:975][ 95]LogModuleManager: Shutting down and abandoning module PaperTiledImporter (91)
[2015.07.11-12.35.17:975][ 95]LogModuleManager: Shutting down and abandoning module PaperSpriteSheetImporter (90)
[2015.07.11-12.35.17:976][ 95]LogModuleManager: Shutting down and abandoning module MeshPaint (89)
[2015.07.11-12.35.17:976][ 95]LogModuleManager: Shutting down and abandoning module SlateReflector (88)
[2015.07.11-12.35.17:976][ 95]LogModuleManager: Shutting down and abandoning module DirectoryWatcher (87)
[2015.07.11-12.35.17:978][ 95]LogModuleManager: Shutting down and abandoning module HotReload (86)
[2015.07.11-12.35.17:978][ 95]LogModuleManager: Shutting down and abandoning module MainFrame (85)
[2015.07.11-12.35.17:978][ 95]LogModuleManager: Shutting down and abandoning module LevelEditor (84)
[2015.07.11-12.35.17:983][ 95]LogModuleManager: Shutting down and abandoning module ContentBrowser (83)
[2015.07.11-12.35.17:988][ 95]LogModuleManager: Shutting down and abandoning module Paper2DEditor (82)
[2015.07.11-12.35.17:989][ 95]LogModuleManager: Shutting down and abandoning module MiniJamJuly2015 (81)
[2015.07.11-12.35.17:989][ 95]LogModuleManager: Shutting down and abandoning module UdpMessaging (80)
[2015.07.11-12.35.18:090][ 95]LogModuleManager: Shutting down and abandoning module Paper2D (79)
[2015.07.11-12.35.18:090][ 95]LogModuleManager: Shutting down and abandoning module WindowsMoviePlayer (78)
[2015.07.11-12.35.18:094][ 95]LogModuleManager: Shutting down and abandoning module Media (77)
[2015.07.11-12.35.18:094][ 95]LogModuleManager: Shutting down and abandoning module WmfMedia (76)
[2015.07.11-12.35.18:095][ 95]LogModuleManager: Shutting down and abandoning module OnlineBlueprintSupport (75)
[2015.07.11-12.35.18:095][ 95]LogModuleManager: Shutting down and abandoning module PropertyEditor (74)
[2015.07.11-12.35.18:095][ 95]LogModuleManager: Shutting down and abandoning module BehaviorTreeEditor (73)
[2015.07.11-12.35.18:095][ 95]LogModuleManager: Shutting down and abandoning module FunctionalTesting (72)
[2015.07.11-12.35.18:095][ 95]LogModuleManager: Shutting down and abandoning module CollisionAnalyzer (71)
[2015.07.11-12.35.18:095][ 95]LogModuleManager: Shutting down and abandoning module WorkspaceMenuStructure (70)
[2015.07.11-12.35.18:095][ 95]LogModuleManager: Shutting down and abandoning module MessageLog (69)
[2015.07.11-12.35.18:095][ 95]LogModuleManager: Shutting down and abandoning module Sequencer (68)
[2015.07.11-12.35.18:095][ 95]LogModuleManager: Shutting down and abandoning module AssetTools (67)
[2015.07.11-12.35.18:095][ 95]LogModuleManager: Shutting down and abandoning module UMGEditor (66)
[2015.07.11-12.35.18:095][ 95]LogModuleManager: Shutting down and abandoning module UMG (65)
[2015.07.11-12.35.18:096][ 95]LogModuleManager: Shutting down and abandoning module Slate (64)
[2015.07.11-12.35.18:096][ 95]LogModuleManager: Shutting down and abandoning module EditorStyle (63)
[2015.07.11-12.35.18:107][ 95]LogModuleManager: Shutting down and abandoning module SessionServices (62)
[2015.07.11-12.35.18:107][ 95]LogModuleManager: Shutting down and abandoning module SourceCodeAccess (61)
[2015.07.11-12.35.18:107][ 95]LogModuleManager: Shutting down and abandoning module HeadMountedDisplay (60)
[2015.07.11-12.35.18:107][ 95]LogModuleManager: Shutting down and abandoning module XAudio2 (59)
[2015.07.11-12.35.18:107][ 95]LogModuleManager: Shutting down and abandoning module Networking (57)
[2015.07.11-12.35.18:107][ 95]LogModuleManager: Shutting down and abandoning module Core (56)
[2015.07.11-12.35.18:107][ 95]LogModuleManager: Shutting down and abandoning module KismetCompiler (55)
[2015.07.11-12.35.18:107][ 95]LogModuleManager: Shutting down and abandoning module PhysXFormats (54)
[2015.07.11-12.35.18:107][ 95]LogModuleManager: Shutting down and abandoning module MeshUtilities (53)
[2015.07.11-12.35.18:107][ 95]LogModuleManager: Shutting down and abandoning module DerivedDataCache (52)
[2015.07.11-12.35.18:183][ 95]LogDerivedDataCache: Shutdown
[2015.07.11-12.35.18:183][ 95]LogModuleManager: Shutting down and abandoning module ShaderFormatOpenGL (51)
[2015.07.11-12.35.18:183][ 95]LogModuleManager: Shutting down and abandoning module ShaderFormatD3D (50)
[2015.07.11-12.35.18:183][ 95]LogModuleManager: Shutting down and abandoning module MetalShaderFormat (49)
[2015.07.11-12.35.18:183][ 95]LogModuleManager: Shutting down and abandoning module TextureFormatUncompressed (48)
[2015.07.11-12.35.18:183][ 95]LogModuleManager: Shutting down and abandoning module TextureFormatPVR (47)
[2015.07.11-12.35.18:183][ 95]LogModuleManager: Shutting down and abandoning module TextureFormatIntelISPCTexComp (46)
[2015.07.11-12.35.18:183][ 95]LogModuleManager: Shutting down and abandoning module TextureFormatDXT (45)
[2015.07.11-12.35.18:183][ 95]LogModuleManager: Shutting down and abandoning module ImageWrapper (44)
[2015.07.11-12.35.18:183][ 95]LogModuleManager: Shutting down and abandoning module TextureFormatASTC (43)
[2015.07.11-12.35.18:183][ 95]LogModuleManager: Shutting down and abandoning module TextureFormatAndroid (42)
[2015.07.11-12.35.18:183][ 95]LogModuleManager: Shutting down and abandoning module AudioFormatOpus (41)
[2015.07.11-12.35.18:183][ 95]LogModuleManager: Shutting down and abandoning module AudioFormatOgg (40)
[2015.07.11-12.35.18:183][ 95]LogModuleManager: Shutting down and abandoning module AudioFormatADPCM (39)
[2015.07.11-12.35.18:183][ 95]LogModuleManager: Shutting down and abandoning module LinuxTargetPlatform (38)
[2015.07.11-12.35.18:183][ 95]LogModuleManager: Shutting down and abandoning module LinuxServerTargetPlatform (37)
[2015.07.11-12.35.18:183][ 95]LogModuleManager: Shutting down and abandoning module LinuxNoEditorTargetPlatform (36)
[2015.07.11-12.35.18:183][ 95]LogModuleManager: Shutting down and abandoning module Messaging (35)
[2015.07.11-12.35.18:183][ 95]LogModuleManager: Shutting down and abandoning module IOSTargetPlatform (34)
[2015.07.11-12.35.18:183][ 95]LogModuleManager: Shutting down and abandoning module HTML5TargetPlatform (33)
[2015.07.11-12.35.18:183][ 95]LogModuleManager: Shutting down and abandoning module Android_PVRTCTargetPlatform (32)
[2015.07.11-12.35.18:183][ 95]LogModuleManager: Shutting down and abandoning module Android_ETC2TargetPlatform (31)
[2015.07.11-12.35.18:184][ 95]LogModuleManager: Shutting down and abandoning module Android_ETC1TargetPlatform (30)
[2015.07.11-12.35.18:184][ 95]LogModuleManager: Shutting down and abandoning module Android_DXTTargetPlatform (29)
[2015.07.11-12.35.18:184][ 95]LogModuleManager: Shutting down and abandoning module Android_ATCTargetPlatform (28)
[2015.07.11-12.35.18:184][ 95]LogModuleManager: Shutting down and abandoning module Android_ASTCTargetPlatform (27)
[2015.07.11-12.35.18:184][ 95]LogModuleManager: Shutting down and abandoning module AndroidTargetPlatform (26)
[2015.07.11-12.35.18:184][ 95]LogModuleManager: Shutting down and abandoning module WindowsTargetPlatform (25)
[2015.07.11-12.35.18:184][ 95]LogModuleManager: Shutting down and abandoning module WindowsServerTargetPlatform (24)
[2015.07.11-12.35.18:184][ 95]LogModuleManager: Shutting down and abandoning module WindowsNoEditorTargetPlatform (23)
[2015.07.11-12.35.18:184][ 95]LogModuleManager: Shutting down and abandoning module WindowsClientTargetPlatform (22)
[2015.07.11-12.35.18:184][ 95]LogModuleManager: Shutting down and abandoning module DesktopTargetPlatform (21)
[2015.07.11-12.35.18:184][ 95]LogModuleManager: Shutting down and abandoning module TargetPlatform (20)
[2015.07.11-12.35.18:184][ 95]LogModuleManager: Shutting down and abandoning module InputCore (19)
[2015.07.11-12.35.18:184][ 95]LogModuleManager: Shutting down and abandoning module Settings (18)
[2015.07.11-12.35.18:184][ 95]LogModuleManager: Shutting down and abandoning module OnlineSubsystem (16)
[2015.07.11-12.35.18:184][ 95]LogModuleManager: Shutting down and abandoning module HTTP (15)
[2015.07.11-12.35.18:184][ 95]LogModuleManager: Shutting down and abandoning module ExampleDeviceProfileSelector (14)
[2015.07.11-12.35.18:184][ 95]LogModuleManager: Shutting down and abandoning module TextureCompressor (13)
[2015.07.11-12.35.18:184][ 95]LogModuleManager: Shutting down and abandoning module ShaderCore (12)
[2015.07.11-12.35.18:185][ 95]LogModuleManager: Shutting down and abandoning module Landscape (11)
[2015.07.11-12.35.18:185][ 95]LogModuleManager: Shutting down and abandoning module SlateRHIRenderer (10)
[2015.07.11-12.35.18:191][ 95]LogModuleManager: Shutting down and abandoning module OpenGLDrv (9)
[2015.07.11-12.35.18:191][ 95]LogModuleManager: Shutting down and abandoning module D3D11RHI (8)
[2015.07.11-12.35.18:192][ 95]LogModuleManager: Shutting down and abandoning module Renderer (7)
[2015.07.11-12.35.18:192][ 95]LogModuleManager: Shutting down and abandoning module Engine (6)
[2015.07.11-12.35.18:192][ 95]LogModuleManager: Shutting down and abandoning module CoreUObject (5)
[2015.07.11-12.35.18:192][ 95]LogModuleManager: Shutting down and abandoning module NetworkFile (4)
[2015.07.11-12.35.18:192][ 95]LogModuleManager: Shutting down and abandoning module StreamingFile (3)
[2015.07.11-12.35.18:192][ 95]LogModuleManager: Shutting down and abandoning module SandboxFile (2)
[2015.07.11-12.35.18:192][ 95]LogModuleManager: Shutting down and abandoning module PakFile (1)
[2015.07.11-12.35.18:193][ 95]LogExit: Exiting.
[2015.07.11-12.35.18:225][ 95]Log file closed, 07/11/15 14:35:18
