[2015.07.11-11.50.34:588][  0]Log file open, 07/11/15 13:50:34
[2015.07.11-11.50.34:588][  0]LogInit:Display: Running engine for game: MiniJamJuly2015
[2015.07.11-11.50.34:588][  0]LogInit:Display: RandInit(-1351830554) SRandInit(-1351830553).
[2015.07.11-11.50.34:588][  0]LogTaskGraph: Started task graph with 4 named threads and 5 total threads.
[2015.07.11-11.50.34:588][  0]LogStats: Stats thread started
[2015.07.11-11.50.34:588][  0]LogInit: Version: 4.8.1-2591939+++depot+UE4-Releases+4.8
[2015.07.11-11.50.34:588][  0]LogInit: API Version: 2579680
[2015.07.11-11.50.34:588][  0]LogInit: Compiled (64-bit): Jun 18 2015 11:02:04
[2015.07.11-11.50.34:588][  0]LogInit: Compiled with Visual C++: 18.00.21005.01
[2015.07.11-11.50.34:588][  0]LogInit: Build Configuration: Development
[2015.07.11-11.50.34:588][  0]LogInit: Branch Name: ++depot+UE4-Releases+4.8
[2015.07.11-11.50.34:588][  0]LogInit: Command line:  
[2015.07.11-11.50.34:588][  0]LogInit: Base directory: C:/Program Files/Epic Games/4.8/Engine/Binaries/Win64/
[2015.07.11-11.50.34:588][  0]LogInit: Rocket: 1
[2015.07.11-11.50.34:634][  0]LogInit: Using libcurl 7.41.0
[2015.07.11-11.50.34:634][  0]LogInit:  - built for x86_64-pc-win32
[2015.07.11-11.50.34:634][  0]LogInit:  - supports SSL with WinSSL
[2015.07.11-11.50.34:634][  0]LogInit:  - other features:
[2015.07.11-11.50.34:634][  0]LogInit:      CURL_VERSION_SSL
[2015.07.11-11.50.34:634][  0]LogInit:      CURL_VERSION_IPV6
[2015.07.11-11.50.34:634][  0]LogInit:      CURL_VERSION_ASYNCHDNS
[2015.07.11-11.50.34:634][  0]LogInit:      CURL_VERSION_LARGEFILE
[2015.07.11-11.50.34:634][  0]LogInit:      CURL_VERSION_IDN
[2015.07.11-11.50.34:634][  0]LogInit:  CurlRequestOptions (configurable via config and command line):
[2015.07.11-11.50.34:634][  0]LogInit:  - bVerifyPeer = true  - Libcurl will verify peer certificate
[2015.07.11-11.50.34:635][  0]LogInit:  - bUseHttpProxy = false  - Libcurl will NOT use HTTP proxy
[2015.07.11-11.50.34:635][  0]LogInit:  - bDontReuseConnections = false  - Libcurl will reuse connections
[2015.07.11-11.50.34:635][  0]LogInit:  - CertBundlePath = nullptr  - Libcurl will use whatever was configured at build time.
[2015.07.11-11.50.34:670][  0]LogOnline:Warning: No default platform service specified for OnlineSubsystem
[2015.07.11-11.50.34:770][  0]LogInit: Presizing for 0 objects not considered by GC, pre-allocating 0 bytes.
[2015.07.11-11.50.34:783][  0]LogInit: Object subsystem initialized
[2015.07.11-11.50.34:785][  0]LogConsoleResponse:Warning: Skipping Unknown console variable: 'TranslucentSortAxis = (X=0.000000,Y=-1.000000,Z=0.000000)'
[2015.07.11-11.50.34:785][  0]LogConsoleResponse:Warning:   Found in ini file 'C:/Users/Rezan/Documents/GitHub/BerlinMiniJamJuly2015/MiniJamJuly2015/Saved/Config/Windows/Engine.ini', in section '[/Script/Engine.RendererSettings]'
[2015.07.11-11.50.34:785][  0]LogConsoleResponse:Warning: Skipping Unknown console variable: 'UIScaleRule = ShortestSide'
[2015.07.11-11.50.34:785][  0]LogConsoleResponse:Warning:   Found in ini file 'C:/Users/Rezan/Documents/GitHub/BerlinMiniJamJuly2015/MiniJamJuly2015/Saved/Config/Windows/Engine.ini', in section '[/Script/Engine.RendererSettings]'
[2015.07.11-11.50.34:785][  0]LogConsoleResponse:Warning: Skipping Unknown console variable: 'UIScaleCurve = (EditorCurveData=(Keys=),ExternalCurve=None)'
[2015.07.11-11.50.34:785][  0]LogConsoleResponse:Warning:   Found in ini file 'C:/Users/Rezan/Documents/GitHub/BerlinMiniJamJuly2015/MiniJamJuly2015/Saved/Config/Windows/Engine.ini', in section '[/Script/Engine.RendererSettings]'
[2015.07.11-11.50.34:786][  0]LogInit: Selected Device Profile: [Windows]
[2015.07.11-11.50.34:786][  0]LogInit: Applying CVar settings loaded from the selected device profile: [Windows]
[2015.07.11-11.50.34:808][  0]LogInit: Computer: ATIVBOOK
[2015.07.11-11.50.34:808][  0]LogInit: User: Rezan
[2015.07.11-11.50.34:808][  0]LogInit: CPU Page size=4096, Cores=2
[2015.07.11-11.50.34:808][  0]LogInit: High frequency timer resolution =2.240907 MHz
[2015.07.11-11.50.34:808][  0]LogMemory: Memory total: Physical=3.9GB (4GB approx)
[2015.07.11-11.50.34:809][  0]LogMemory: Platform Memory Stats for Windows
[2015.07.11-11.50.34:809][  0]LogMemory: Process Physical Memory: 47.70 MB used, 47.70 MB peak
[2015.07.11-11.50.34:809][  0]LogMemory: Process Virtual Memory: 24.18 MB used, 24.18 MB peak
[2015.07.11-11.50.34:809][  0]LogMemory: Physical Memory: 2536.11 MB used, 4010.80 MB total
[2015.07.11-11.50.34:809][  0]LogMemory: Virtual Memory: 291.46 MB used, 134217728.00 MB total
[2015.07.11-11.50.35:227][  0]LogTextLocalizationManager: The requested culture ('en_US') has no localization data; parent culture's ('en') localization data will be used.
[2015.07.11-11.50.35:662][  0]LogTextLocalizationManager:Warning: Loaded localization resources contain conflicting entries for (Namespace:ContentBrowser, Key:ImportAssetToolTip):
Localization Resource: (C:/Program Files/Epic Games/4.8/Engine/Content/Localization/Editor/en/Editor.locres) Source String Hash: (-630476809) Localized String: (Import to {0}...)
Localization Resource: (C:/Program Files/Epic Games/4.8/Engine/Content/Localization/Editor/en/Editor.locres) Source String Hash: (1271782899) Localized String: (Imports an asset from file to this folder.)
[2015.07.11-11.50.36:949][  0]LogD3D11RHI: Found D3D11 adapter 0: Intel(R) HD Graphics Family (Feature Level 11_0)
[2015.07.11-11.50.36:949][  0]LogD3D11RHI: Adapter has 0MB of dedicated video memory, 0MB of dedicated system memory, and 1792MB of shared system memory, 1 output[s]
[2015.07.11-11.50.36:953][  0]LogD3D11RHI: Found D3D11 adapter 1: Microsoft Basic Render Driver (Feature Level 11_0)
[2015.07.11-11.50.36:953][  0]LogD3D11RHI: Adapter has 0MB of dedicated video memory, 0MB of dedicated system memory, and 256MB of shared system memory, 0 output[s]
[2015.07.11-11.50.36:953][  0]LogD3D11RHI: Chosen D3D11 Adapter Id = 0
[2015.07.11-11.50.36:961][  0]LogRHI: Texture pool is 627 MB (70% of 896 MB)
[2015.07.11-11.50.36:975][  0]LogD3D11RHI: Async texture creation enabled
[2015.07.11-11.50.36:985][  0]LogShaderCompilers:Display: Using Local Shader Compiler.
[2015.07.11-11.50.40:050][  0]LogTemp:Display: Loaded TP DesktopTargetPlatform
[2015.07.11-11.50.40:113][  0]LogTemp:Display: Loaded TP WindowsClientTargetPlatform
[2015.07.11-11.50.40:173][  0]LogTemp:Display: Loaded TP WindowsNoEditorTargetPlatform
[2015.07.11-11.50.40:227][  0]LogTemp:Display: Loaded TP WindowsServerTargetPlatform
[2015.07.11-11.50.40:286][  0]LogTemp:Display: Loaded TP WindowsTargetPlatform
[2015.07.11-11.50.40:369][  0]LogTemp:Display: Loaded TP AndroidTargetPlatform
[2015.07.11-11.50.40:433][  0]LogTemp:Display: Loaded TP Android_ASTCTargetPlatform
[2015.07.11-11.50.40:487][  0]LogTemp:Display: Loaded TP Android_ATCTargetPlatform
[2015.07.11-11.50.40:535][  0]LogTemp:Display: Loaded TP Android_DXTTargetPlatform
[2015.07.11-11.50.40:587][  0]LogTemp:Display: Loaded TP Android_ETC1TargetPlatform
[2015.07.11-11.50.40:645][  0]LogTemp:Display: Loaded TP Android_ETC2TargetPlatform
[2015.07.11-11.50.40:702][  0]LogTemp:Display: Loaded TP Android_PVRTCTargetPlatform
[2015.07.11-11.50.40:894][  0]LogTemp:Display: Loaded TP IOSTargetPlatform
[2015.07.11-11.50.40:968][  0]LogTemp:Display: Loaded TP LinuxNoEditorTargetPlatform
[2015.07.11-11.50.41:045][  0]LogTemp:Display: Loaded TP LinuxServerTargetPlatform
[2015.07.11-11.50.41:100][  0]LogTemp:Display: Loaded TP LinuxTargetPlatform
[2015.07.11-11.50.41:100][  0]LogTargetPlatformManager:Display: Building Assets For Windows
[2015.07.11-11.50.42:306][  0]LogDerivedDataCache:Display: Max Cache Size: 512 MB
[2015.07.11-11.50.42:582][  0]LogDerivedDataCache: Loaded boot cache 0.27s 61MB C:/Users/Rezan/AppData/Local/UnrealEngine/4.8/DerivedDataCache/Boot.ddc.
[2015.07.11-11.50.42:582][  0]LogDerivedDataCache:Display: Loaded Boot cache: C:/Users/Rezan/AppData/Local/UnrealEngine/4.8/DerivedDataCache/Boot.ddc
[2015.07.11-11.50.42:582][  0]LogDerivedDataCache: FDerivedDataBackendGraph:  Pak pak cache file ../../../../../../Users/Rezan/Documents/GitHub/BerlinMiniJamJuly2015/MiniJamJuly2015/DerivedDataCache/DDC.ddp not found, will not use a pak cache.
[2015.07.11-11.50.42:583][  0]LogDerivedDataCache: Unable to find inner node Pak for hierarchical cache Hierarchy.
[2015.07.11-11.50.42:583][  0]LogDerivedDataCache: FDerivedDataBackendGraph:  CompressedPak pak cache file ../../../../../../Users/Rezan/Documents/GitHub/BerlinMiniJamJuly2015/MiniJamJuly2015/DerivedDataCache/Compressed.ddp not found, will not use a pak cache.
[2015.07.11-11.50.42:583][  0]LogDerivedDataCache: Unable to find inner node CompressedPak for hierarchical cache Hierarchy.
[2015.07.11-11.50.42:932][  0]LogDerivedDataCache:Display: Pak cache opened for reading ../../../Engine/DerivedDataCache/Compressed.ddp.
[2015.07.11-11.50.42:946][  0]LogDerivedDataCache: Using Local data cache path C:/Users/Rezan/AppData/Local/UnrealEngine/Common/DerivedDataCache: Writable
[2015.07.11-11.50.43:829][  0]LogInit: Selected Device Profile: [Windows]
[2015.07.11-11.50.44:028][  0]ImportText (ComponentSweepMultiTests): Missing closing parenthesis: (RootShapeAsset="/Engine/BasicShapes/Cube.Cube",ShapeType="TriggerCapsule",HitResult=(Time=0.50,Location=(X=-100.000015,Y=0.0,Z=100.000015),ImpactPoint=(X=-50.0,Y=0.0,Z=50.0),Normal=(X=-1.0,Y=-0.0,Z=0.0),ImpactNormal=(X=0.0,Y=0.0,Z=1.0),TraceStart=(X=-200.0,Y=0.0,Z=200.0),TraceEnd=(X=0.0,Y=0.0,Z=0.0))
[2015.07.11-11.50.44:029][  0]ImportText (LineTraceSingleByChannelTests): Missing closing parenthesis: (RootShapeAsset="/Engine/BasicShapes/Cube.Cube",HitResult=(Time=0.50,Location=(X=-100.000015,Y=0.0,Z=100.000015),ImpactPoint=(X=-50.0,Y=0.0,Z=50.0),Normal=(X=-1.0,Y=-0.0,Z=0.0),ImpactNormal=(X=0.0,Y=0.0,Z=1.0),TraceStart=(X=-200.0,Y=0.0,Z=200.0),TraceEnd=(X=0.0,Y=0.0,Z=0.0))
[2015.07.11-11.50.44:130][  0]LogMeshUtilities: No automatic mesh reduction module available
[2015.07.11-11.50.44:130][  0]LogMeshUtilities: No automatic mesh merging module available
[2015.07.11-11.50.44:934][  0]LogInit: WinSock: version 1.1 (2.2), MaxSocks=32767, MaxUdp=65467
[2015.07.11-11.50.48:494][  0]UdpMessaging: Initializing bridge on interface 0.0.0.0:0 to multicast group 230.0.0.1:6666.
[2015.07.11-11.50.50:165][  0]SourceControl: Info Source control is disabled
[2015.07.11-11.50.50:216][  0]SourceControl: Info Source control is disabled
[2015.07.11-11.50.50:280][  0]SourceControl: Info Source control is disabled
[2015.07.11-11.50.50:332][  0]SourceControl: Info Source control is disabled
[2015.07.11-11.50.51:199][  0]LogObj: 31317 objects as part of root set at end of initial load.
[2015.07.11-11.50.51:199][  0]LogUObjectAllocator: 7178448 out of 0 bytes used by permanent object pool.
[2015.07.11-11.50.51:376][  0]LogEngine: Initializing Engine...
[2015.07.11-11.50.51:394][  0]LogHMD: Can't find Oculus library dev build: is proper Runtime installed? Version: 0.6.0.0
[2015.07.11-11.50.51:427][  0]LogHMD:Warning: SteamVR failed to initialize.  Error: 110
[2015.07.11-11.50.51:768][  0]LogAIModule: Creating AISystem for world NewWorld
[2015.07.11-11.50.51:778][  0]LogInit: XAudio2 using 'Speakers (Realtek High Definition Audio)' : 2 channels at 48 kHz using 32 bits per sample (channel mask 0x3)
[2015.07.11-11.50.52:468][  0]LogInit: FAudioDevice initialized.
[2015.07.11-11.50.52:520][  0]LogDerivedDataCache: Saved boot cache 0.05s 61MB C:/Users/Rezan/AppData/Local/UnrealEngine/4.8/DerivedDataCache/Boot.ddc.
[2015.07.11-11.50.52:531][  0]LogInit: Texture streaming: Disabled
[2015.07.11-11.50.52:614][  0]LogAnalytics: Creating configured Analytics provider AnalyticsET
[2015.07.11-11.50.52:614][  0]LogAnalytics: [UEEditor.Rocket.Release] APIServer = http://et2.epicgames.com/ET2/. AppVersion = 4.8.1-2591939+++depot+UE4-Releases+4.8
[2015.07.11-11.50.52:615][  0]LogAnalytics: [UEEditor.Rocket.Release] SetUserId 12696f364a2fcd073294038bc46aadf4|dbc70d0ce94b4e84a4154b9c183a7a14|c970be8e-8256-4106-b4f6-abe17e2a89b8
[2015.07.11-11.50.52:615][  0]LogAnalytics: [UEEditor.Rocket.Release] AnalyticsET::StartSession
[2015.07.11-11.50.52:743][  0]LogInit: Transaction tracking system initialized
[2015.07.11-11.50.53:370][  0]BlueprintLog: New page: Editor Load
[2015.07.11-11.50.53:495][  0]LogAssetRegistry: FAssetRegistry took 0.0116 seconds to start up
[2015.07.11-11.50.53:497][  0]LogDirectoryWatcher:Warning: Failed to begin reading directory changes for ../../../Engine/Plugins/Experimental/CharacterAI/Content/. Error: 0
[2015.07.11-11.50.57:177][  0]LogConsoleManager:Warning: Console variable 'r.VSync' wasn't set ('GameSetting' has a lower priority than 'SystemSettingsIni')
[2015.07.11-11.50.57:178][  0]LogConsoleResponse:Display: 
[2015.07.11-11.50.57:719][  0]LogCook:Display: Done creating registry. It took  0.00s.
[2015.07.11-11.50.58:650][  0]SourceControl: Info Source control is disabled
[2015.07.11-11.50.58:651][  0]Cmd: MAP LOAD FILE="../../../../../../Users/Rezan/Documents/GitHub/BerlinMiniJamJuly2015/MiniJamJuly2015/Content/FirstPerson/Maps/FirstPersonExampleMap.umap" TEMPLATE=0 SHOWPROGRESS=1 FEATURELEVEL=3
[2015.07.11-11.50.58:667][  0]LightingResults: New page: Lighting Build
[2015.07.11-11.50.58:702][  0]MapCheck: New page: Map Check
[2015.07.11-11.50.58:702][  0]LightingResults: New page: Lighting Build
[2015.07.11-11.50.58:730][  0]LogParticles: Destroying 0 GPU particle simulations for FXSystem 0x0000006A97B42200
[2015.07.11-11.51.00:920][  0]LogAIModule: Creating AISystem for world FirstPersonExampleMap
[2015.07.11-11.51.00:994][  0]LogEditorServer: Finished looking for orphan Actors (0.000 secs)
[2015.07.11-11.51.03:971][  0]Cmd: MAP CHECKDEP NOCLEARLOG
[2015.07.11-11.51.04:192][  0]MapCheck: Info Map check complete: 0 Error(s), 0 Warning(s), took 219.279ms to complete.
[2015.07.11-11.51.04:193][  0]LogFileHelpers: Loading map 'FirstPersonExampleMap' took 5.542
[2015.07.11-11.51.04:504][  0]LogCollectionManager: Loaded 0 collections in 0.003375 seconds
[2015.07.11-11.51.04:520][  0]LogContentBrowser: Native class hierarchy populated in 0.0157 seconds. Added 1796 classes and 303 folders.
[2015.07.11-11.51.04:675][  0]LogContentBrowser: Native class hierarchy updated for 'WidgetCarousel' in 0.0043 seconds. Added 0 classes and 0 folders.
[2015.07.11-11.51.04:795][  0]LogContentBrowser: Native class hierarchy updated for 'AddContentDialog' in 0.0048 seconds. Added 0 classes and 0 folders.
[2015.07.11-11.51.04:866][  0]LogContentBrowser: Native class hierarchy updated for 'SceneOutliner' in 0.0039 seconds. Added 1 classes and 2 folders.
[2015.07.11-11.51.04:977][  0]LogCrashTracker: Crashtracker disabled due to settings.
[2015.07.11-11.51.04:995][  0]LogUObjectGlobals:Warning: Failed to find object 'Class None.'
[2015.07.11-11.51.05:022][  0]LogLoad: Full Startup: 35.21 seconds (BP compile: 0.37 seconds)
[2015.07.11-11.51.05:477][  0]LogContentStreaming: Texture pool size is 0.000000MB
[2015.07.11-11.51.05:557][  0]LogContentStreaming: Texture pool size now 200 MB
[2015.07.11-11.51.05:834][  0]LogRenderer: Reallocating scene render targets to support 968x464 (Frame:2).
[2015.07.11-11.51.09:012][  9]LogAssetRegistry: Asset discovery search completed in 15.5277 seconds
[2015.07.11-11.51.11:095][ 27]LogEditorViewport: Clicking on Actor (context menu): StaticMeshActor (Floor)
[2015.07.11-11.57.10:644][ 14]Running C:/Program Files/Epic Games/4.8/Engine/Binaries/DotNET/UnrealBuildTool.exe  -projectfiles -project="C:/Users/Rezan/Documents/GitHub/BerlinMiniJamJuly2015/MiniJamJuly2015/MiniJamJuly2015.uproject" -game -rocket -progress
[2015.07.11-11.57.12:336][ 14]Discovering modules, targets and source code for game...
[2015.07.11-11.57.29:408][ 14]LogVSAccessor:Warning: Couldn't access Visual Studio
[2015.07.11-11.57.29:420][ 14]Recompiling MiniJamJuly2015...
[2015.07.11-11.57.29:420][ 14]Launching UnrealBuildTool... [C:/Program Files/Epic Games/4.8/Engine/Binaries/DotNET/UnrealBuildTool.exe MiniJamJuly2015 -ModuleWithSuffix MiniJamJuly2015 7995 Win64 Development -editorrecompile -canskiplink "C:/Users/Rezan/Documents/GitHub/BerlinMiniJamJuly2015/MiniJamJuly2015/MiniJamJuly2015.uproject" -rocket  -rocket]
[2015.07.11-11.58.39:950][ 14]CompilerResultsL