[2015.07.11-11.41.35:302][  0]Log file open, 07/11/15 13:41:35
[2015.07.11-11.41.35:302][  0]LogInit:Display: Running engine for game: MiniJamJuly2015
[2015.07.11-11.41.35:302][  0]LogInit:Display: RandInit(1733841108) SRandInit(1733841109).
[2015.07.11-11.41.35:302][  0]LogTaskGraph: Started task graph with 4 named threads and 5 total threads.
[2015.07.11-11.41.35:302][  0]LogStats: Stats thread started
[2015.07.11-11.41.35:302][  0]LogInit: Version: 4.8.1-2591939+++depot+UE4-Releases+4.8
[2015.07.11-11.41.35:302][  0]LogInit: API Version: 2579680
[2015.07.11-11.41.35:302][  0]LogInit: Compiled (64-bit): Jun 18 2015 11:02:04
[2015.07.11-11.41.35:302][  0]LogInit: Compiled with Visual C++: 18.00.21005.01
[2015.07.11-11.41.35:302][  0]LogInit: Build Configuration: Development
[2015.07.11-11.41.35:302][  0]LogInit: Branch Name: ++depot+UE4-Releases+4.8
[2015.07.11-11.41.35:302][  0]LogInit: Command line: 
[2015.07.11-11.41.35:302][  0]LogInit: Base directory: C:/Program Files/Epic Games/4.8/Engine/Binaries/Win64/
[2015.07.11-11.41.35:302][  0]LogInit: Rocket: 1
[2015.07.11-11.41.35:364][  0]LogInit: Using libcurl 7.41.0
[2015.07.11-11.41.35:364][  0]LogInit:  - built for x86_64-pc-win32
[2015.07.11-11.41.35:364][  0]LogInit:  - supports SSL with WinSSL
[2015.07.11-11.41.35:364][  0]LogInit:  - other features:
[2015.07.11-11.41.35:364][  0]LogInit:      CURL_VERSION_SSL
[2015.07.11-11.41.35:364][  0]LogInit:      CURL_VERSION_IPV6
[2015.07.11-11.41.35:364][  0]LogInit:      CURL_VERSION_ASYNCHDNS
[2015.07.11-11.41.35:364][  0]LogInit:      CURL_VERSION_LARGEFILE
[2015.07.11-11.41.35:364][  0]LogInit:      CURL_VERSION_IDN
[2015.07.11-11.41.35:364][  0]LogInit:  CurlRequestOptions (configurable via config and command line):
[2015.07.11-11.41.35:364][  0]LogInit:  - bVerifyPeer = true  - Libcurl will verify peer certificate
[2015.07.11-11.41.35:364][  0]LogInit:  - bUseHttpProxy = false  - Libcurl will NOT use HTTP proxy
[2015.07.11-11.41.35:364][  0]LogInit:  - bDontReuseConnections = false  - Libcurl will reuse connections
[2015.07.11-11.41.35:364][  0]LogInit:  - CertBundlePath = nullptr  - Libcurl will use whatever was configured at build time.
[2015.07.11-11.41.35:417][  0]LogOnline:Warning: No default platform service specified for OnlineSubsystem
[2015.07.11-11.41.35:522][  0]LogInit: Presizing for 0 objects not considered by GC, pre-allocating 0 bytes.
[2015.07.11-11.41.35:537][  0]LogInit: Object subsystem initialized
[2015.07.11-11.41.35:547][  0]LogInit: Selected Device Profile: [Windows]
[2015.07.11-11.41.35:547][  0]LogInit: Applying CVar settings loaded from the selected device profile: [Windows]
[2015.07.11-11.41.35:573][  0]LogInit: Computer: ATIVBOOK
[2015.07.11-11.41.35:573][  0]LogInit: User: Rezan
[2015.07.11-11.41.35:573][  0]LogInit: CPU Page size=4096, Cores=2
[2015.07.11-11.41.35:573][  0]LogInit: High frequency timer resolution =2.240907 MHz
[2015.07.11-11.41.35:573][  0]LogMemory: Memory total: Physical=3.9GB (4GB approx)
[2015.07.11-11.41.35:573][  0]LogMemory: Platform Memory Stats for Windows
[2015.07.11-11.41.35:573][  0]LogMemory: Process Physical Memory: 47.54 MB used, 47.54 MB peak
[2015.07.11-11.41.35:573][  0]LogMemory: Process Virtual Memory: 22.23 MB used, 22.23 MB peak
[2015.07.11-11.41.35:573][  0]LogMemory: Physical Memory: 2605.54 MB used, 4010.80 MB total
[2015.07.11-11.41.35:573][  0]LogMemory: Virtual Memory: 291.64 MB used, 134217728.00 MB total
[2015.07.11-11.41.35:903][  0]LogTextLocalizationManager: The requested culture ('en_US') has no localization data; parent culture's ('en') localization data will be used.
[2015.07.11-11.41.36:368][  0]LogTextLocalizationManager:Warning: Loaded localization resources contain conflicting entries for (Namespace:ContentBrowser, Key:ImportAssetToolTip):
Localization Resource: (C:/Program Files/Epic Games/4.8/Engine/Content/Localization/Editor/en/Editor.locres) Source String Hash: (-630476809) Localized String: (Import to {0}...)
Localization Resource: (C:/Program Files/Epic Games/4.8/Engine/Content/Localization/Editor/en/Editor.locres) Source String Hash: (1271782899) Localized String: (Imports an asset from file to this folder.)
[2015.07.11-11.41.38:259][  0]LogD3D11RHI: Found D3D11 adapter 0: Intel(R) HD Graphics Family (Feature Level 11_0)
[2015.07.11-11.41.38:259][  0]LogD3D11RHI: Adapter has 0MB of dedicated video memory, 0MB of dedicated system memory, and 1792MB of shared system memory, 1 output[s]
[2015.07.11-11.41.38:269][  0]LogD3D11RHI: Found D3D11 adapter 1: Microsoft Basic Render Driver (Feature Level 11_0)
[2015.07.11-11.41.38:269][  0]LogD3D11RHI: Adapter has 0MB of dedicated video memory, 0MB of dedicated system memory, and 256MB of shared system memory, 0 output[s]
[2015.07.11-11.41.38:269][  0]LogD3D11RHI: Chosen D3D11 Adapter Id = 0
[2015.07.11-11.41.38:288][  0]LogRHI: Texture pool is 627 MB (70% of 896 MB)
[2015.07.11-11.41.38:315][  0]LogD3D11RHI: Async texture creation enabled
[2015.07.11-11.41.38:325][  0]LogShaderCompilers:Display: Using Local Shader Compiler.
[2015.07.11-11.41.42:010][  0]LogTemp:Display: Loaded TP DesktopTargetPlatform
[2015.07.11-11.41.42:093][  0]LogTemp:Display: Loaded TP WindowsClientTargetPlatform
[2015.07.11-11.41.42:189][  0]LogTemp:Display: Loaded TP WindowsNoEditorTargetPlatform
[2015.07.11-11.41.42:265][  0]LogTemp:Display: Loaded TP WindowsServerTargetPlatform
[2015.07.11-11.41.42:352][  0]LogTemp:Display: Loaded TP WindowsTargetPlatform
[2015.07.11-11.41.42:423][  0]LogTemp:Display: Loaded TP AndroidTargetPlatform
[2015.07.11-11.41.42:497][  0]LogTemp:Display: Loaded TP Android_ASTCTargetPlatform
[2015.07.11-11.41.42:554][  0]LogTemp:Display: Loaded TP Android_ATCTargetPlatform
[2015.07.11-11.41.42:618][  0]LogTemp:Display: Loaded TP Android_DXTTargetPlatform
[2015.07.11-11.41.42:698][  0]LogTemp:Display: Loaded TP Android_ETC1TargetPlatform
[2015.07.11-11.41.42:800][  0]LogTemp:Display: Loaded TP Android_ETC2TargetPlatform
[2015.07.11-11.41.42:915][  0]LogTemp:Display: Loaded TP Android_PVRTCTargetPlatform
[2015.07.11-11.41.43:129][  0]LogTemp:Display: Loaded TP IOSTargetPlatform
[2015.07.11-11.41.43:207][  0]LogTemp:Display: Loaded TP LinuxNoEditorTargetPlatform
[2015.07.11-11.41.43:289][  0]LogTemp:Display: Loaded TP LinuxServerTargetPlatform
[2015.07.11-11.41.43:459][  0]LogTemp:Display: Loaded TP LinuxTargetPlatform
[2015.07.11-11.41.43:459][  0]LogTargetPlatformManager:Display: Building Assets For Windows
[2015.07.11-11.41.45:497][  0]LogDerivedDataCache:Display: Max Cache Size: 512 MB
[2015.07.11-11.41.45:753][  0]LogDerivedDataCache: Loaded boot cache 0.26s 60MB C:/Users/Rezan/AppData/Local/UnrealEngine/4.8/DerivedDataCache/Boot.ddc.
[2015.07.11-11.41.45:753][  0]LogDerivedDataCache:Display: Loaded Boot cache: C:/Users/Rezan/AppData/Local/UnrealEngine/4.8/DerivedDataCache/Boot.ddc
[2015.07.11-11.41.45:753][  0]LogDerivedDataCache: FDerivedDataBackendGraph:  Pak pak cache file ../../../../../../Users/Rezan/Documents/GitHub/BerlinMiniJamJuly2015/MiniJamJuly2015/DerivedDataCache/DDC.ddp not found, will not use a pak cache.
[2015.07.11-11.41.45:753][  0]LogDerivedDataCache: Unable to find inner node Pak for hierarchical cache Hierarchy.
[2015.07.11-11.41.45:753][  0]LogDerivedDataCache: FDerivedDataBackendGraph:  CompressedPak pak cache file ../../../../../../Users/Rezan/Documents/GitHub/BerlinMiniJamJuly2015/MiniJamJuly2015/DerivedDataCache/Compressed.ddp not found, will not use a pak cache.
[2015.07.11-11.41.45:753][  0]LogDerivedDataCache: Unable to find inner node CompressedPak for hierarchical cache Hierarchy.
[2015.07.11-11.41.46:288][  0]LogDerivedDataCache:Display: Pak cache opened for reading ../../../Engine/DerivedDataCache/Compressed.ddp.
[2015.07.11-11.41.46:313][  0]LogDerivedDataCache: Using Local data cache path C:/Users/Rezan/AppData/Local/UnrealEngine/Common/DerivedDataCache: Writable
[2015.07.11-11.41.47:760][  0]LogInit: Selected Device Profile: [Windows]
[2015.07.11-11.41.48:161][  0]ImportText (ComponentSweepMultiTests): Missing closing parenthesis: (RootShapeAsset="/Engine/BasicShapes/Cube.Cube",ShapeType="TriggerCapsule",HitResult=(Time=0.50,Location=(X=-100.000015,Y=0.0,Z=100.000015),ImpactPoint=(X=-50.0,Y=0.0,Z=50.0),Normal=(X=-1.0,Y=-0.0,Z=0.0),ImpactNormal=(X=0.0,Y=0.0,Z=1.0),TraceStart=(X=-200.0,Y=0.0,Z=200.0),TraceEnd=(X=0.0,Y=0.0,Z=0.0))
[2015.07.11-11.41.48:162][  0]ImportText (LineTraceSingleByChannelTests): Missing closing parenthesis: (RootShapeAsset="/Engine/BasicShapes/Cube.Cube",HitResult=(Time=0.50,Location=(X=-100.000015,Y=0.0,Z=100.000015),ImpactPoint=(X=-50.0,Y=0.0,Z=50.0),Normal=(X=-1.0,Y=-0.0,Z=0.0),ImpactNormal=(X=0.0,Y=0.0,Z=1.0),TraceStart=(X=-200.0,Y=0.0,Z=200.0),TraceEnd=(X=0.0,Y=0.0,Z=0.0))
[2015.07.11-11.41.48:408][  0]LogMeshUtilities: No automatic mesh reduction module available
[2015.07.11-11.41.48:408][  0]LogMeshUtilities: No automatic mesh merging module available
[2015.07.11-11.41.50:613][  0]LogInit: WinSock: version 1.1 (2.2), MaxSocks=32767, MaxUdp=65467
[2015.07.11-11.41.56:732][  0]UdpMessaging: Initializing bridge on interface 0.0.0.0:0 to multicast group 230.0.0.1:6666.
[2015.07.11-11.41.59:250][  0]SourceControl: Info Source control is disabled
[2015.07.11-11.41.59:296][  0]SourceControl: Info Source control is disabled
[2015.07.11-11.41.59:421][  0]SourceControl: Info Source control is disabled
[2015.07.11-11.41.59:506][  0]SourceControl: Info Source control is disabled
[2015.07.11-11.42.00:891][  0]LogObj: 31317 objects as part of root set at end of initial load.
[2015.07.11-11.42.00:891][  0]LogUObjectAllocator: 7178456 out of 0 bytes used by permanent object pool.
[2015.07.11-11.42.01:339][  0]LogEngine: Initializing Engine...
[2015.07.11-11.42.01:371][  0]LogHMD: Can't find Oculus library dev build: is proper Runtime installed? Version: 0.6.0.0
[2015.07.11-11.42.01:457][  0]LogHMD:Warning: SteamVR failed to initialize.  Error: 110
[2015.07.11-11.42.02:072][  0]LogAIModule: Creating AISystem for world NewWorld
[2015.07.11-11.42.02:079][  0]LogInit: XAudio2 using 'Speakers (Realtek High Definition Audio)' : 2 channels at 48 kHz using 32 bits per sample (channel mask 0x3)
[2015.07.11-11.42.02:091][  0]LogAudio:Warning: CreateMasteringVoice error: Unhandled error code -2004287478
[2015.07.11-11.42.02:091][  0]LogInit:Warning: Failed to create the mastering voice for XAudio2
[2015.07.11-11.42.02:159][  0]LogDerivedDataCache: Saved boot cache 0.07s 61MB C:/Users/Rezan/AppData/Local/UnrealEngine/4.8/DerivedDataCache/Boot.ddc.
[2015.07.11-11.42.02:172][  0]LogInit: Texture streaming: Disabled
[2015.07.11-11.42.02:487][  0]LogAnalytics: Creating configured Analytics provider AnalyticsET
[2015.07.11-11.42.02:487][  0]LogAnalytics: [UEEditor.Rocket.Release] APIServer = http://et2.epicgames.com/ET2/. AppVersion = 4.8.1-2591939+++depot+UE4-Releases+4.8
[2015.07.11-11.42.02:487][  0]LogAnalytics: [UEEditor.Rocket.Release] SetUserId 12696f364a2fcd073294038bc46aadf4|dbc70d0ce94b4e84a4154b9c183a7a14|c970be8e-8256-4106-b4f6-abe17e2a89b8
[2015.07.11-11.42.02:488][  0]LogAnalytics: [UEEditor.Rocket.Release] AnalyticsET::StartSession
[2015.07.11-11.42.02:992][  0]LogInit: Transaction tracking system initialized
[2015.07.11-11.42.03:888][  0]BlueprintLog: New page: Editor Load
[2015.07.11-11.42.04:044][  0]LogAssetRegistry: FAssetRegistry took 0.0108 seconds to start up
[2015.07.11-11.42.04:045][  0]LogDirectoryWatcher:Warning: Failed to begin reading directory changes for ../../../Engine/Plugins/Experimental/CharacterAI/Content/. Error: 0
[2015.07.11-11.42.11:369][  0]LogConsoleManager:Warning: Console variable 'r.VSync' wasn't set ('GameSetting' has a lower priority than 'SystemSettingsIni')
[2015.07.11-11.42.11:373][  0]LogConsoleResponse:Display: 
[2015.07.11-11.42.12:667][  0]LogCook:Display: Done creating registry. It took  0.00s.
[2015.07.11-11.42.14:615][  0]SourceControl: Info Source control is disabled
[2015.07.11-11.42.14:615][  0]Cmd: MAP LOAD FILE="../../../../../../Users/Rezan/Documents/GitHub/BerlinMiniJamJuly2015/MiniJamJuly2015/Content/FirstPerson/Maps/FirstPersonExampleMap.umap" TEMPLATE=0 SHOWPROGRESS=1 FEATURELEVEL=3
[2015.07.11-11.42.14:617][  0]LightingResults: New page: Lighting Build
[2015.07.11-11.42.14:669][  0]MapCheck: New page: Map Check
[2015.07.11-11.42.14:669][  0]LightingResults: New page: Lighting Build
[2015.07.11-11.42.14:720][  0]LogParticles: Destroying 0 GPU particle simulations for FXSystem 0x000000CAA402E200
[2015.07.11-11.42.16:894][  0]LogAIModule: Creating AISystem for world FirstPersonExampleMap
[2015.07.11-11.42.17:062][  0]LogEditorServer: Finished looking for orphan Actors (0.000 secs)
[2015.07.11-11.42.22:257][  0]Cmd: MAP CHECKDEP NOCLEARLOG
[2015.07.11-11.42.22:772][  0]MapCheck: Info Map check complete: 0 Error(s), 0 Warning(s), took 503.733ms to complete.
[2015.07.11-11.42.22:787][  0]LogFileHelpers: Loading map 'FirstPersonExampleMap' took 8.172
[2015.07.11-11.42.23:141][  0]LogCollectionManager: Loaded 0 collections in 0.004339 seconds
[2015.07.11-11.42.23:172][  0]LogContentBrowser: Native class hierarchy populated in 0.0301 seconds. Added 1796 classes and 303 folders.
[2015.07.11-11.42.23:397][  0]LogContentBrowser: Native class hierarchy updated for 'WidgetCarousel' in 0.0068 seconds. Added 0 classes and 0 folders.
[2015.07.11-11.42.23:875][  0]LogContentBrowser: Native class hierarchy updated for 'AddContentDialog' in 0.0058 seconds. Added 0 classes and 0 folders.
[2015.07.11-11.42.24:069][  0]LogContentBrowser: Native class hierarchy updated for 'SceneOutliner' in 0.0043 seconds. Added 1 classes and 2 folders.
[2015.07.11-11.42.24:276][  0]LogCrashTracker: Crashtracker disabled due to settings.
[2015.07.11-11.42.24:303][  0]LogUObjectGlobals:Warning: Failed to find object 'Class None.'
[2015.07.11-11.42.24:335][  0]LogLoad: Full Startup: 54.16 seconds (BP compile: 0.61 seconds)
[2015.07.11-11.42.25:104][  0]LogContentStreaming: Texture pool size is 0.000000MB
[2015.07.11-11.42.25:232][  0]LogContentStreaming: Texture pool size now 200 MB
[2015.07.11-11.42.26:572][  0]LogRenderer: Reallocating scene render targets to support 968x464 (Frame:2).
[2015.07.11-11.42.37:909][  6]LogWindowsTextInputMethodSystem:Display: IME system now deactivated.
[2015.07.11-11.42.40:925][  7]Cmd: QUIT_EDITOR
[2015.07.11-11.42.48:672][  7]LogExit: Preparing to exit.
[2015.07.11-11.42.49:982][  7]LogExit: Editor shut down
[2015.07.11-11.42.49:985][  7]LogExit: Transaction tracking system shut down
[2015.07.11-11.42.49:986][  7]LogParticles: Destroying 0 GPU particle simulations for FXSystem 0x000000CA94296FC0
[2015.07.11-11.42.49:989][  7]LogParticles: Destroying 0 GPU particle simulations for FXSystem 0x000000CACCE4B9C0
[2015.07.11-11.42.53:520][  7]LogExit: Object subsystem successfully closed.
[2015.07.11-11.42.53:878][  7]LogModuleManager: Shutting down and abandoning module CrashTracker (189)
[2015.07.11-11.42.53:878][  7]LogModuleManager: Shutting down and abandoning module SceneOutliner (188)
[2015.07.11-11.42.53:878][  7]LogModuleManager: Shutting down and abandoning module SuperSearch (187)
[2015.07.11-11.42.53:878][  7]LogModuleManager: Shutting down and abandoning module WidgetCarousel (186)
[2015.07.11-11.42.53:878][  7]LogModuleManager: Shutting down and abandoning module AddContentDialog (185)
[2015.07.11-11.42.53:879][  7]LogModuleManager: Shutting down and abandoning module EditorWidgets (184)
[2015.07.11-11.42.53:879][  7]LogModuleManager: Shutting down and abandoning module CollectionManager (183)
[2015.07.11-11.42.53:879][  7]LogModuleManager: Shutting down and abandoning module StatsViewer (182)
[2015.07.11-11.42.53:879][  7]LogModuleManager: Shutting down and abandoning module FoliageEdit (181)
[2015.07.11-11.42.53:880][  7]LogModuleManager: Shutting down and abandoning module LandscapeEditor (180)
[2015.07.11-11.42.53:882][  7]LogModuleManager: Shutting down and abandoning module ActorPickerMode (179)
[2015.07.11-11.42.53:883][  7]LogModuleManager: Shutting down and abandoning module GeometryMode (178)
[2015.07.11-11.42.53:883][  7]LogModuleManager: Shutting down and abandoning module TextureAlignMode (177)
[2015.07.11-11.42.53:883][  7]LogModuleManager: Shutting down and abandoning module BspMode (176)
[2015.07.11-11.42.53:883][  7]LogModuleManager: Shutting down and abandoning module PlacementMode (175)
[2015.07.11-11.42.53:883][  7]LogModuleManager: Shutting down and abandoning module AutomationWorker (174)
[2015.07.11-11.42.53:883][  7]LogModuleManager: Shutting down and abandoning module CharacterAI (173)
[2015.07.11-11.42.53:883][  7]LogModuleManager: Shutting down and abandoning module SmartSnapping (172)
[2015.07.11-11.42.53:883][  7]LogModuleManager: Shutting down and abandoning module ViewportSnapping (171)
[2015.07.11-11.42.53:883][  7]LogModuleManager: Shutting down and abandoning module LogVisualizer (170)
[2015.07.11-11.42.53:884][  7]LogModuleManager: Shutting down and abandoning module GameProjectGeneration (169)
[2015.07.11-11.42.53:885][  7]LogModuleManager: Shutting down and abandoning module IntroTutorials (168)
[2015.07.11-11.42.53:885][  7]LogModuleManager: Shutting down and abandoning module EditorLiveStreaming (167)
[2015.07.11-11.42.53:885][  7]LogModuleManager: Shutting down and abandoning module IOSPlatformEditor (166)
[2015.07.11-11.42.53:886][  7]LogModuleManager: Shutting down and abandoning module HTML5PlatformEditor (165)
[2015.07.11-11.42.53:886][  7]LogModuleManager: Shutting down and abandoning module AndroidDeviceDetection (164)
[2015.07.11-11.42.54:421][  7]LogModuleManager: Shutting down and abandoning module AndroidPlatformEditor (163)
[2015.07.11-11.42.54:421][  7]LogModuleManager: Shutting down and abandoning module IOSRuntimeSettings (162)
[2015.07.11-11.42.54:421][  7]LogModuleManager: Shutting down and abandoning module AndroidRuntimeSettings (161)
[2015.07.11-11.42.54:421][  7]LogModuleManager: Shutting down and abandoning module MergeActors (160)
[2015.07.11-11.42.54:422][  7]LogModuleManager: Shutting down and abandoning module SizeMap (159)
[2015.07.11-11.42.54:422][  7]LogModuleManager: Shutting down and abandoning module TreeMap (158)
[2015.07.11-11.42.54:424][  7]LogModuleManager: Shutting down and abandoning module ReferenceViewer (157)
[2015.07.11-11.42.54:424][  7]LogModuleManager: Shutting down and abandoning module LocalizationDashboard (156)
[2015.07.11-11.42.54:424][  7]LogModuleManager: Shutting down and abandoning module HardwareTargeting (155)
[2015.07.11-11.42.54:424][  7]LogModuleManager: Shutting down and abandoning module DeviceProfileEditor (154)
[2015.07.11-11.42.54:424][  7]LogModuleManager: Shutting down and abandoning module UndoHistory (153)
[2015.07.11-11.42.54:425][  7]LogModuleManager: Shutting down and abandoning module GameplayTagsEditor (152)
[2015.07.11-11.42.54:425][  7]LogModuleManager: Shutting down and abandoning module UserFeedback (151)
[2015.07.11-11.42.54:425][  7]LogModuleManager: Shutting down and abandoning module XmlParser (150)
[2015.07.11-11.42.54:425][  7]LogModuleManager: Shutting down and abandoning module Blutility (149)
[2015.07.11-11.42.54:425][  7]LogModuleManager: Shutting down and abandoning module ProjectTargetPlatformEditor (148)
[2015.07.11-11.42.54:426][  7]LogModuleManager: Shutting down and abandoning module ProjectSettingsViewer (147)
[2015.07.11-11.42.54:426][  7]LogModuleManager: Shutting down and abandoning module InputBindingEditor (146)
[2015.07.11-11.42.54:427][  7]LogModuleManager: Shutting down and abandoning module EditorSettingsViewer (145)
[2015.07.11-11.42.54:427][  7]LogModuleManager: Shutting down and abandoning module SettingsEditor (144)
[2015.07.11-11.42.54:428][  7]LogModuleManager: Shutting down and abandoning module ProjectLauncher (143)
[2015.07.11-11.42.54:429][  7]LogModuleManager: Shutting down and abandoning module SessionFrontend (142)
[2015.07.11-11.42.54:429][  7]LogModuleManager: Shutting down and abandoning module ProfilerClient (141)
[2015.07.11-11.42.54:429][  7]LogModuleManager: Shutting down and abandoning module TargetDeviceServices (140)
[2015.07.11-11.42.54:430][  7]LogModuleManager: Shutting down and abandoning module DeviceManager (139)
[2015.07.11-11.42.54:431][  7]LogModuleManager: Shutting down and abandoning module AutomationController (138)
[2015.07.11-11.42.54:433][  7]LogModuleManager: Shutting down and abandoning module AutomationWindow (137)
[2015.07.11-11.42.54:433][  7]LogModuleManager: Shutting down and abandoning module Layers (136)
[2015.07.11-11.42.54:435][  7]LogModuleManager: Shutting down and abandoning module ComponentVisualizers (135)
[2015.07.11-11.42.54:435][  7]LogModuleManager: Shutting down and abandoning module DetailCustomizations (134)
[2015.07.11-11.42.54:437][  7]LogModuleManager: Shutting down and abandoning module PackagesDialog (133)
[2015.07.11-11.42.54:438][  7]LogModuleManager: Shutting down and abandoning module AssetRegistry (132)
[2015.07.11-11.42.54:521][  7]LogModuleManager: Shutting down and abandoning module Persona (131)
[2015.07.11-11.42.54:522][  7]LogModuleManager: Shutting down and abandoning module Kismet (130)
[2015.07.11-11.42.54:523][  7]LogModuleManager: Shutting down and abandoning module GraphEditor (129)
[2015.07.11-11.42.54:525][  7]LogModuleManager: Shutting down and abandoning module ClassViewer (128)
[2015.07.11-11.42.54:525][  7]LogModuleManager: Shutting down and abandoning module Toolbox (127)
[2015.07.11-11.42.54:525][  7]LogModuleManager: Shutting down and abandoning module ModuleUI (126)
[2015.07.11-11.42.54:525][  7]LogModuleManager: Shutting down and abandoning module MovieSceneTools (125)
[2015.07.11-11.42.54:526][  7]LogModuleManager: Shutting down and abandoning module OutputLog (124)
[2015.07.11-11.42.54:526][  7]LogModuleManager: Shutting down and abandoning module GammaUI (123)
[2015.07.11-11.42.54:526][  7]LogModuleManager: Shutting down and abandoning module Documentation (122)
[2015.07.11-11.42.54:526][  7]LogModuleManager: Shutting down and abandoning module GameLiveStreaming (121)
[2015.07.11-11.42.54:526][  7]LogModuleManager: Shutting down and abandoning module StreamingPauseRendering (120)
[2015.07.11-11.42.54:526][  7]LogModuleManager: Shutting down and abandoning module AnalyticsET (119)
[2015.07.11-11.42.54:526][  7]LogModuleManager: Shutting down and abandoning module Analytics (118)
[2015.07.11-11.42.54:526][  7]LogModuleManager: Shutting down and abandoning module AITestSuite (117)
[2015.07.11-11.42.54:526][  7]LogModuleManager: Shutting down and abandoning module GameplayDebugger (116)
[2015.07.11-11.42.54:527][  7]LogModuleManager: Shutting down and abandoning module AIModule (115)
[2015.07.11-11.42.54:527][  7]LogModuleManager: Shutting down and abandoning module ProfilerService (114)
[2015.07.11-11.42.54:683][  7]LogModuleManager: Shutting down and abandoning module TaskGraph (113)
[2015.07.11-11.42.54:686][  7]LogModuleManager: Shutting down and abandoning module SlateRemote (112)
[2015.07.11-11.42.54:686][  7]LogModuleManager: Shutting down and abandoning module SteamVRController (111)
[2015.07.11-11.42.54:686][  7]LogModuleManager: Shutting down and abandoning module SteamVR (110)
[2015.07.11-11.42.54:686][  7]LogModuleManager: Shutting down and abandoning module ProceduralMeshComponent (109)
[2015.07.11-11.42.54:686][  7]LogModuleManager: Shutting down and abandoning module OculusRift (108)
[2015.07.11-11.42.54:686][  7]LogModuleManager: Shutting down and abandoning module LeapMotionController (107)
[2015.07.11-11.42.54:723][  7]LogModuleManager: Shutting down and abandoning module CustomMeshComponent (106)
[2015.07.11-11.42.54:723][  7]LogModuleManager: Shutting down and abandoning module CableComponent (105)
[2015.07.11-11.42.54:740][  7]LogModuleManager: Shutting down and abandoning module MessagingDebugger (104)
[2015.07.11-11.42.54:776][  7]LogModuleManager: Shutting down and abandoning module MediaPlayerEditor (103)
[2015.07.11-11.42.54:778][  7]LogModuleManager: Shutting down and abandoning module SpeedTreeImporter (102)
[2015.07.11-11.42.54:778][  7]LogModuleManager: Shutting down and abandoning module PluginBrowser (101)
[2015.07.11-11.42.54:781][  7]LogModuleManager: Shutting down and abandoning module EpicSurvey (100)
[2015.07.11-11.42.54:782][  7]LogModuleManager: Shutting down and abandoning module DesktopPlatform (99)
[2015.07.11-11.42.54:790][  7]LogModuleManager: Shutting down and abandoning module VisualStudioSourceCodeAccess (98)
[2015.07.11-11.42.54:790][  7]LogModuleManager: Shutting down and abandoning module UObjectPlugin (97)
[2015.07.11-11.42.54:790][  7]LogModuleManager: Shutting down and abandoning module SubversionSourceControl (96)
[2015.07.11-11.42.54:790][  7]LogModuleManager: Shutting down and abandoning module PerforceSourceControl (95)
[2015.07.11-11.42.54:791][  7]LogModuleManager: Shutting down and abandoning module SourceControl (94)
[2015.07.11-11.42.54:791][  7]LogModuleManager: Shutting down and abandoning module GitSourceControl (93)
[2015.07.11-11.42.54:792][  7]LogModuleManager: Shutting down and abandoning module BlankPlugin (92)
[2015.07.11-11.42.54:793][  7]LogModuleManager: Shutting down and abandoning module PaperTiledImporter (91)
[2015.07.11-11.42.54:793][  7]LogModuleManager: Shutting down and abandoning module PaperSpriteSheetImporter (90)
[2015.07.11-11.42.54:793][  7]LogModuleManager: Shutting down and abandoning module MeshPaint (89)
[2015.07.11-11.42.54:793][  7]LogModuleManager: Shutting down and abandoning module SlateReflector (88)
[2015.07.11-11.42.54:794][  7]LogModuleManager: Shutting down and abandoning module DirectoryWatcher (87)
[2015.07.11-11.42.54:794][  7]LogModuleManager: Shutting down and abandoning module HotReload (86)
[2015.07.11-11.42.54:794][  7]LogModuleManager: Shutting down and abandoning module MainFrame (85)
[2015.07.11-11.42.54:794][  7]LogModuleManager: Shutting down and abandoning module LevelEditor (84)
[2015.07.11-11.42.54:799][  7]LogModuleManager: Shutting down and abandoning module ContentBrowser (83)
[2015.07.11-11.42.54:800][  7]LogModuleManager: Shutting down and abandoning module Paper2DEditor (82)
[2015.07.11-11.42.54:802][  7]LogModuleManager: Shutting down and abandoning module MiniJamJuly2015 (81)
[2015.07.11-11.42.54:802][  7]LogModuleManager: Shutting down and abandoning module UdpMessaging (80)
[2015.07.11-11.42.54:902][  7]LogModuleManager: Shutting down and abandoning module Paper2D (79)
[2015.07.11-11.42.54:903][  7]LogModuleManager: Shutting down and abandoning module WindowsMoviePlayer (78)
[2015.07.11-11.42.54:920][  7]LogModuleManager: Shutting down and abandoning module Media (77)
[2015.07.11-11.42.54:920][  7]LogModuleManager: Shutting down and abandoning module WmfMedia (76)
[2015.07.11-11.42.54:922][  7]LogModuleManager: Shutting down and abandoning module OnlineBlueprintSupport (75)
[2015.07.11-11.42.54:922][  7]LogModuleManager: Shutting down and abandoning module PropertyEditor (74)
[2015.07.11-11.42.54:923][  7]LogModuleManager: Shutting down and abandoning module BehaviorTreeEditor (73)
[2015.07.11-11.42.54:925][  7]LogModuleManager: Shutting down and abandoning module FunctionalTesting (72)
[2015.07.11-11.42.54:925][  7]LogModuleManager: Shutting down and abandoning module CollisionAnalyzer (71)
[2015.07.11-11.42.54:926][  7]LogModuleManager: Shutting down and abandoning module WorkspaceMenuStructure (70)
[2015.07.11-11.42.54:926][  7]LogModuleManager: Shutting down and abandoning module MessageLog (69)
[2015.07.11-11.42.54:926][  7]LogModuleManager: Shutting down and abandoning module Sequencer (68)
[2015.07.11-11.42.54:932][  7]LogModuleManager: Shutting down and abandoning module AssetTools (67)
[2015.07.11-11.42.54:935][  7]LogModuleManager: Shutting down and abandoning module UMGEditor (66)
[2015.07.11-11.42.54:937][  7]LogModuleManager: Shutting down and abandoning module UMG (65)
[2015.07.11-11.42.54:938][  7]LogModuleManager: Shutting down and abandoning module Slate (64)
[2015.07.11-11.42.54:938][  7]LogModuleManager: Shutting down and abandoning module EditorStyle (63)
[2015.07.11-11.42.54:968][  7]LogModuleManager: Shutting down and abandoning module SessionServices (62)
[2015.07.11-11.42.54:968][  7]LogModuleManager: Shutting down and abandoning module SourceCodeAccess (61)
[2015.07.11-11.42.54:968][  7]LogModuleManager: Shutting down and abandoning module HeadMountedDisplay (60)
[2015.07.11-11.42.54:968][  7]LogModuleManager: Shutting down and abandoning module XAudio2 (59)
[2015.07.11-11.42.54:968][  7]LogModuleManager: Shutting down and abandoning module Networking (57)
[2015.07.11-11.42.54:968][  7]LogModuleManager: Shutting down and abandoning module Core (56)
[2015.07.11-11.42.54:968][  7]LogModuleManager: Shutting down and abandoning module KismetCompiler (55)
[2015.07.11-11.42.54:968][  7]LogModuleManager: Shutting down and abandoning module PhysXFormats (54)
[2015.07.11-11.42.54:969][  7]LogModuleManager: Shutting down and abandoning module MeshUtilities (53)
[2015.07.11-11.42.54:970][  7]LogModuleManager: Shutting down and abandoning module DerivedDataCache (52)
[2015.07.11-11.42.55:077][  7]LogDerivedDataCache: Shutdown
[2015.07.11-11.42.55:077][  7]LogModuleManager: Shutting down and abandoning module ShaderFormatOpenGL (51)
[2015.07.11-11.42.55:077][  7]LogModuleManager: Shutting down and abandoning module ShaderFormatD3D (50)
[2015.07.11-11.42.55:077][  7]LogModuleManager: Shutting down and abandoning module MetalShaderFormat (49)
[2015.07.11-11.42.55:078][  7]LogModuleManager: Shutting down and abandoning module TextureFormatUncompressed (48)
[2015.07.11-11.42.55:078][  7]LogModuleManager: Shutting down and abandoning module TextureFormatPVR (47)
[2015.07.11-11.42.55:078][  7]LogModuleManager: Shutting down and abandoning module TextureFormatIntelISPCTexComp (46)
[2015.07.11-11.42.55:078][  7]LogModuleManager: Shutting down and abandoning module TextureFormatDXT (45)
[2015.07.11-11.42.55:078][  7]LogModuleManager: Shutting down and abandoning module ImageWrapper (44)
[2015.07.11-11.42.55:078][  7]LogModuleManager: Shutting down and abandoning module TextureFormatASTC (43)
[2015.07.11-11.42.55:078][  7]LogModuleManager: Shutting down and abandoning module TextureFormatAndroid (42)
[2015.07.11-11.42.55:078][  7]LogModuleManager: Shutting down and abandoning module AudioFormatOpus (41)
[2015.07.11-11.42.55:078][  7]LogModuleManager: Shutting down and abandoning module AudioFormatOgg (40)
[2015.07.11-11.42.55:079][  7]LogModuleManager: Shutting down and abandoning module AudioFormatADPCM (39)
[2015.07.11-11.42.55:079][  7]LogModuleManager: Shutting down and abandoning module LinuxTargetPlatform (38)
[2015.07.11-11.42.55:079][  7]LogModuleManager: Shutting down and abandoning module LinuxServerTargetPlatform (37)
[2015.07.11-11.42.55:079][  7]LogModuleManager: Shutting down and abandoning module LinuxNoEditorTargetPlatform (36)
[2015.07.11-11.42.55:079][  7]LogModuleManager: Shutting down and abandoning module Messaging (35)
[2015.07.11-11.42.55:079][  7]LogModuleManager: Shutting down and abandoning module IOSTargetPlatform (34)
[2015.07.11-11.42.55:079][  7]LogModuleManager: Shutting down and abandoning module HTML5TargetPlatform (33)
[2015.07.11-11.42.55:079][  7]LogModuleManager: Shutting down and abandoning module Android_PVRTCTargetPlatform (32)
[2015.07.11-11.42.55:079][  7]LogModuleManager: Shutting down and abandoning module Android_ETC2TargetPlatform (31)
[2015.07.11-11.42.55:079][  7]LogModuleManager: Shutting down and abandoning module Android_ETC1TargetPlatform (30)
[2015.07.11-11.42.55:079][  7]LogModuleManager: Shutting down and abandoning module Android_DXTTargetPlatform (29)
[2015.07.11-11.42.55:079][  7]LogModuleManager: Shutting down and abandoning module Android_ATCTargetPlatform (28)
[2015.07.11-11.42.55:079][  7]LogModuleManager: Shutting down and abandoning module Android_ASTCTargetPlatform (27)
[2015.07.11-11.42.55:079][  7]LogModuleManager: Shutting down and abandoning module AndroidTargetPlatform (26)
[2015.07.11-11.42.55:079][  7]LogModuleManager: Shutting down and abandoning module WindowsTargetPlatform (25)
[2015.07.11-11.42.55:079][  7]LogModuleManager: Shutting down and abandoning module WindowsServerTargetPlatform (24)
[2015.07.11-11.42.55:079][  7]LogModuleManager: Shutting down and abandoning module WindowsNoEditorTargetPlatform (23)
[2015.07.11-11.42.55:079][  7]LogModuleManager: Shutting down and abandoning module WindowsClientTargetPlatform (22)
[2015.07.11-11.42.55:079][  7]LogModuleManager: Shutting down and abandoning module DesktopTargetPlatform (21)
[2015.07.11-11.42.55:079][  7]LogModuleManager: Shutting down and abandoning module TargetPlatform (20)
[2015.07.11-11.42.55:080][  7]LogModuleManager: Shutting down and abandoning module InputCore (19)
[2015.07.11-11.42.55:080][  7]LogModuleManager: Shutting down and abandoning module Settings (18)
[2015.07.11-11.42.55:080][  7]LogModuleManager: Shutting down and abandoning module OnlineSubsystem (16)
[2015.07.11-11.42.55:080][  7]LogModuleManager: Shutting down and abandoning module HTTP (15)
[2015.07.11-11.42.55:080][  7]LogModuleManager: Shutting down and abandoning module ExampleDeviceProfileSelector (14)
[2015.07.11-11.42.55:081][  7]LogModuleManager: Shutting down and abandoning module TextureCompressor (13)
[2015.07.11-11.42.55:081][  7]LogModuleManager: Shutting down and abandoning module ShaderCore (12)
[2015.07.11-11.42.55:081][  7]LogModuleManager: Shutting down and abandoning module Landscape (11)
[2015.07.11-11.42.55:081][  7]LogModuleManager: Shutting down and abandoning module SlateRHIRenderer (10)
[2015.07.11-11.42.55:084][  7]LogModuleManager: Shutting down and abandoning module OpenGLDrv (9)
[2015.07.11-11.42.55:084][  7]LogModuleManager: Shutting down and abandoning module D3D11RHI (8)
[2015.07.11-11.42.55:084][  7]LogModuleManager: Shutting down and abandoning module Renderer (7)
[2015.07.11-11.42.55:084][  7]LogModuleManager: Shutting down and abandoning module Engine (6)
[2015.07.11-11.42.55:085][  7]LogModuleManager: Shutting down and abandoning module CoreUObject (5)
[2015.07.11-11.42.55:085][  7]LogModuleManager: Shutting down and abandoning module NetworkFile (4)
[2015.07.11-11.42.55:085][  7]LogModuleManager: Shutting down and abandoning module StreamingFile (3)
[2015.07.11-11.42.55:085][  7]LogModuleManager: Shutting down and abandoning module SandboxFile (2)
[2015.07.11-11.42.55:085][  7]LogModuleManager: Shutting down and abandoning module PakFile (1)
[2015.07.11-11.42.55:086][  7]LogExit: Exiting.
[2015.07.11-11.42.55:112][  7]Log file closed, 07/11/15 13:42:55
